Using pre-set license
Built from '2022.3/staging' branch; Version is '2022.3.9f1 (ea401c316338) revision 15351836'; Using compiler version '192829333'; Build Type 'Release'
OS: 'Windows 11  (10.0.22631) 64bit Core' Language: 'en' Physical Memory: 32452 MB
BatchMode: 1, IsHumanControllingUs: 0, StartBugReporterOnCrash: 0, Is64bit: 1, IsPro: 1

COMMAND LINE ARGUMENTS:
C:\Program Files\Unity\Hub\Editor\2022.3.9f1\Editor\Unity.exe
-adb2
-batchMode
-noUpm
-name
AssetImportWorker0
-projectPath
C:/Users/nyate/OneDrive/Documents/GitHub/Game-Engine-Project/Game Engine Project
-logFile
Logs/AssetImportWorker0.log
-srvPort
58600
Successfully changed project path to: C:/Users/nyate/OneDrive/Documents/GitHub/Game-Engine-Project/Game Engine Project
C:/Users/nyate/OneDrive/Documents/GitHub/Game-Engine-Project/Game Engine Project
[UnityMemory] Configuration Parameters - Can be set up in boot.config
    "memorysetup-bucket-allocator-granularity=16"
    "memorysetup-bucket-allocator-bucket-count=8"
    "memorysetup-bucket-allocator-block-size=33554432"
    "memorysetup-bucket-allocator-block-count=8"
    "memorysetup-main-allocator-block-size=16777216"
    "memorysetup-thread-allocator-block-size=16777216"
    "memorysetup-gfx-main-allocator-block-size=16777216"
    "memorysetup-gfx-thread-allocator-block-size=16777216"
    "memorysetup-cache-allocator-block-size=4194304"
    "memorysetup-typetree-allocator-block-size=2097152"
    "memorysetup-profiler-bucket-allocator-granularity=16"
    "memorysetup-profiler-bucket-allocator-bucket-count=8"
    "memorysetup-profiler-bucket-allocator-block-size=33554432"
    "memorysetup-profiler-bucket-allocator-block-count=8"
    "memorysetup-profiler-allocator-block-size=16777216"
    "memorysetup-profiler-editor-allocator-block-size=1048576"
    "memorysetup-temp-allocator-size-main=16777216"
    "memorysetup-job-temp-allocator-block-size=2097152"
    "memorysetup-job-temp-allocator-block-size-background=1048576"
    "memorysetup-job-temp-allocator-reduction-small-platforms=262144"
    "memorysetup-allocator-temp-initial-block-size-main=262144"
    "memorysetup-allocator-temp-initial-block-size-worker=262144"
    "memorysetup-temp-allocator-size-background-worker=32768"
    "memorysetup-temp-allocator-size-job-worker=262144"
    "memorysetup-temp-allocator-size-preload-manager=33554432"
    "memorysetup-temp-allocator-size-nav-mesh-worker=65536"
    "memorysetup-temp-allocator-size-audio-worker=65536"
    "memorysetup-temp-allocator-size-cloud-worker=32768"
    "memorysetup-temp-allocator-size-gi-baking-worker=262144"
    "memorysetup-temp-allocator-size-gfx=262144"
Player connection [10060] Host "[IP] 10.0.0.210 [Port] 0 [Flags] 2 [Guid] 567115427 [EditorId] 567115427 [Version] 1048832 [Id] WindowsEditor(7,Nimbus) [Debug] 1 [PackageName] WindowsEditor [ProjectName] Editor" joined multi-casting on [225.0.0.222:54997]...

Player connection [10060] Host "[IP] 10.0.0.210 [Port] 0 [Flags] 2 [Guid] 567115427 [EditorId] 567115427 [Version] 1048832 [Id] WindowsEditor(7,Nimbus) [Debug] 1 [PackageName] WindowsEditor [ProjectName] Editor" joined alternative multi-casting on [225.0.0.222:34997]...

[Physics::Module] Initialized MultithreadedJobDispatcher with 19 workers.
Refreshing native plugins compatible for Editor in 7.16 ms, found 3 plugins.
Preloading 0 native plugins for Editor in 0.00 ms.
Initialize engine version: 2022.3.9f1 (ea401c316338)
[Subsystems] Discovering subsystems at path C:/Program Files/Unity/Hub/Editor/2022.3.9f1/Editor/Data/Resources/UnitySubsystems
[Subsystems] Discovering subsystems at path C:/Users/nyate/OneDrive/Documents/GitHub/Game-Engine-Project/Game Engine Project/Assets
GfxDevice: creating device client; threaded=0; jobified=0
Direct3D:
    Version:  Direct3D 11.0 [level 11.1]
    Renderer: NVIDIA GeForce RTX 3070 Ti Laptop GPU (ID=0x24e0)
    Vendor:   NVIDIA
    VRAM:     8018 MB
    Driver:   32.0.15.5599
Initialize mono
Mono path[0] = 'C:/Program Files/Unity/Hub/Editor/2022.3.9f1/Editor/Data/Managed'
Mono path[1] = 'C:/Program Files/Unity/Hub/Editor/2022.3.9f1/Editor/Data/MonoBleedingEdge/lib/mono/unityjit-win32'
Mono config path = 'C:/Program Files/Unity/Hub/Editor/2022.3.9f1/Editor/Data/MonoBleedingEdge/etc'
Using monoOptions --debugger-agent=transport=dt_socket,embedding=1,server=y,suspend=n,address=127.0.0.1:56576
Begin MonoManager ReloadAssembly
Registering precompiled unity dll's ...
Register platform support module: C:/Program Files/Unity/Hub/Editor/2022.3.9f1/Editor/Data/PlaybackEngines/WindowsStandaloneSupport/UnityEditor.WindowsStandalone.Extensions.dll
Registered in 0.006022 seconds.
- Loaded All Assemblies, in  0.317 seconds
Native extension for WindowsStandalone target not found
Mono: successfully reloaded assembly
- Finished resetting the current domain, in  0.225 seconds
Domain Reload Profiling: 540ms
	BeginReloadAssembly (99ms)
		ExecutionOrderSort (0ms)
		DisableScriptedObjects (0ms)
		BackupInstance (0ms)
		ReleaseScriptingObjects (0ms)
		CreateAndSetChildDomain (1ms)
	RebuildCommonClasses (30ms)
	RebuildNativeTypeToScriptingClass (9ms)
	initialDomainReloadingComplete (54ms)
	LoadAllAssembliesAndSetupDomain (123ms)
		LoadAssemblies (96ms)
		RebuildTransferFunctionScriptingTraits (0ms)
		AnalyzeDomain (121ms)
			TypeCache.Refresh (120ms)
				TypeCache.ScanAssembly (109ms)
			ScanForSourceGeneratedMonoScriptInfo (0ms)
			ResolveRequiredComponents (0ms)
	FinalizeReload (226ms)
		ReleaseScriptCaches (0ms)
		RebuildScriptCaches (0ms)
		SetupLoadedEditorAssemblies (173ms)
			LogAssemblyErrors (0ms)
			InitializePlatformSupportModulesInManaged (8ms)
			SetLoadedEditorAssemblies (7ms)
			RefreshPlugins (0ms)
			BeforeProcessingInitializeOnLoad (2ms)
			ProcessInitializeOnLoadAttributes (112ms)
			ProcessInitializeOnLoadMethodAttributes (44ms)
			AfterProcessingInitializeOnLoad (0ms)
			EditorAssembliesLoaded (0ms)
		ExecutionOrderSort2 (0ms)
		AwakeInstancesAfterBackupRestoration (0ms)
========================================================================
Worker process is ready to serve import requests
Begin MonoManager ReloadAssembly
- Loaded All Assemblies, in  0.499 seconds
Refreshing native plugins compatible for Editor in 3.01 ms, found 3 plugins.
Native extension for WindowsStandalone target not found
Package Manager log level set to [2]
[Package Manager] Server::EnsureServerProcessIsRunning -- launch failed, reason: Unity was launched with the -noUpm command-line argument
[Package Manager] UpmClient::Send -- Unable to send message (not connected to UPM process).
[Package Manager] Cannot connect to Unity Package Manager local server
Mono: successfully reloaded assembly
- Finished resetting the current domain, in  0.535 seconds
Domain Reload Profiling: 1031ms
	BeginReloadAssembly (114ms)
		ExecutionOrderSort (0ms)
		DisableScriptedObjects (4ms)
		BackupInstance (0ms)
		ReleaseScriptingObjects (0ms)
		CreateAndSetChildDomain (17ms)
	RebuildCommonClasses (26ms)
	RebuildNativeTypeToScriptingClass (8ms)
	initialDomainReloadingComplete (36ms)
	LoadAllAssembliesAndSetupDomain (310ms)
		LoadAssemblies (233ms)
		RebuildTransferFunctionScriptingTraits (0ms)
		AnalyzeDomain (143ms)
			TypeCache.Refresh (127ms)
				TypeCache.ScanAssembly (116ms)
			ScanForSourceGeneratedMonoScriptInfo (11ms)
			ResolveRequiredComponents (4ms)
	FinalizeReload (536ms)
		ReleaseScriptCaches (0ms)
		RebuildScriptCaches (0ms)
		SetupLoadedEditorAssemblies (427ms)
			LogAssemblyErrors (0ms)
			InitializePlatformSupportModulesInManaged (4ms)
			SetLoadedEditorAssemblies (2ms)
			RefreshPlugins (0ms)
			BeforeProcessingInitializeOnLoad (50ms)
			ProcessInitializeOnLoadAttributes (347ms)
			ProcessInitializeOnLoadMethodAttributes (15ms)
			AfterProcessingInitializeOnLoad (7ms)
			EditorAssembliesLoaded (0ms)
		ExecutionOrderSort2 (0ms)
		AwakeInstancesAfterBackupRestoration (5ms)
Launched and connected shader compiler UnityShaderCompiler.exe after 0.04 seconds
Refreshing native plugins compatible for Editor in 7.05 ms, found 3 plugins.
Preloading 0 native plugins for Editor in 0.00 ms.
Unloading 3159 Unused Serialized files (Serialized files now loaded: 0)
Unloading 31 unused Assets / (56.8 KB). Loaded Objects now: 3622.
Memory consumption went from 120.4 MB to 120.3 MB.
Total: 4.724200 ms (FindLiveObjects: 0.382700 ms CreateObjectMapping: 0.184800 ms MarkObjects: 3.996300 ms  DeleteObjects: 0.158000 ms)

AssetImportParameters requested are different than current active one (requested -> active):
  custom:container-demuxer-ogg: 62fdf1f143b41e24485cea50d1cbac27 -> 
  custom:scripting/monoscript/fileName/SoundManager.cs: 840c753ea222748db3b6d6106ce94b8b -> 97b8b7f19e31a376baf624982cbfe12a
  custom:video-codec-MediaFoundation-h265: 746d11721c4dcdbdad8f713fa42b33f4 -> 
  custom:video-decoder-ogg-theora: a1e56fd34408186e4bbccfd4996cb3dc -> 
  custom:framework-win-MediaFoundation: 216162199b28c13a410421893ffa2e32 -> 
  custom:scripting/monoscript/fileName/FootSteps.cs: 218c6080fee3ff94ba1700b95626917c -> ed410428969f078ecf3fe11eb0dc6215
  custom:scripting/monoscript/fileName/PlayerCam.cs: cb636300c7189d61a699107f19ac9c19 -> 2baf756480d7a3732f43ac30c19a37b9
  custom:scripting/monoscript/fileName/Restart.cs: f4038f140f9e26ceb7931d56fcf7209d -> add66e6da873e366ed3518c440850d01
  custom:scripting/monoscript/fileName/MoveCamera.cs: 5f681b8b0e3ab502838e635f49c033f2 -> 403cfc71311e35fc8267157fec6d962f
  custom:CustomObjectIndexerAttribute: 756ad292c208cfabdd7b50bc23989ffe -> 
  custom:scripting/monoscript/fileName/PlayerManager.cs: 84ef0c7614d528361310460d29c55d5d -> fa278fc629bee650391d87d1007e9d4f
  custom:container-demuxer-webm: 4f35f7cbe854078d1ac9338744f61a02 -> 
  custom:scripting/monoscript/fileName/ViewManager.cs: 1fb9ce98786fdf226669ff67fda31e32 -> 16fc0fe828762faccb5bd455b83cd165
  custom:scripting/monoscript/fileName/LoadGameplay.cs: bfe3b105167df54892051ddb0f0b44d8 -> aad5b318aeaf7cab13dc7c7043703a47
  custom:scripting/monoscript/fileName/Fruit.cs: 8bb03b93ab2bb9e946e590b8b1186f4f -> 
  custom:scripting/monoscript/fileName/Collectable.cs: 6a6d5954f5faaedbf68170f8b53440ff -> 
  custom:container-muxer-webm: aa71ff27fc2769a1b78a27578f13a17b -> 
  custom:video-decoder-webm-vp8: 9c59270c3fd7afecdb556c50c9e8de78 -> 
  custom:scripting/monoscript/fileName/MainMenuView.cs: 897e03f9777e06433251eba469ad4b50 -> 2586d7dc20fddeeb79f875dc5dd67bdb
  custom:SearchIndexIgnoredProperties: e643bd26f0fe6173181afceb89e7c659 -> 
  custom:AudioImporter_EditorPlatform: d09bf68614088b80899f8185d706f6e7 -> 
  custom:scripting/monoscript/fileName/LoadMainMenu.cs: ee62a4a48c616ad0d60643da03e00d13 -> 1834e51d4d49419adf81aba1c1646dd4
  custom:scripting/monoscript/fileName/LoadMaze.cs: c0e53ea9c828aa255abc1a0fa98a38e3 -> 3ed56ba6b003ee5a14a23266fa47c780
  custom:video-encoder-webm-vp8: eb34c28f22e8b96e1ab97ce403110664 -> 
  custom:audio-decoder-ogg-vorbis: bf7c407c2cedff20999df2af8eb42d56 -> 
  custom:scripting/monoscript/fileName/ItemSpin.cs: 41f01a09508dec0f6dd5f66301795460 -> 
  custom:scripting/monoscript/fileName/PlayerMovement.cs: 5c1499cfc43e291157e191fb54bb34f9 -> 42480eed24e61f9d7e7e895933644f96
  custom:scripting/monoscript/fileName/SettingsMenuView.cs: f1368c662861e2aa180ecdfb6f383f06 -> b21bd698e08f70c3ba5112c700ca21e4
  custom:audio-encoder-webm-vorbis: bf7c407c2cedff20999df2af8eb42d56 -> 
  custom:scripting/monoscript/fileName/ScoreManager.cs: 2117df56b7ba23abd331d761e713022a -> 
  custom:scripting/monoscript/fileName/CharacterHealth.cs: 635520b8af0c6a3afa0c82bf1fca8182 -> 961c28a590a5e66731cf0f9ea60ff381
  custom:scripting/monoscript/fileName/View.cs: 0638d28d6248c8f2cdad874142fe3386 -> 6a1fe1aae5d92ee65d14bfc28da5504b
========================================================================
Received Import Request.
  Time since last request: 35970.809834 seconds.
  path: Assets/Scripts/PlayerControls.cs
  artifactKey: Guid(f50ee93977a0f344297789c9f1b98cd8) Importer(815301076,1909f56bfc062723c751e8b465ee728b)
Start importing Assets/Scripts/PlayerControls.cs using Guid(f50ee93977a0f344297789c9f1b98cd8) Importer(815301076,1909f56bfc062723c751e8b465ee728b)  -> (artifact id: 'a7e4b51c1ea101d974f517bb26c76d21') in 0.001979 seconds
Number of updated asset objects reloaded before import = 0
Number of asset objects unloaded after import = 0
========================================================================
Received Import Request.
  Time since last request: 3.766060 seconds.
  path: Assets/Scripts/PlayerInventoryStats.cs
  artifactKey: Guid(a81b164cfb7efa146a10315dd20d55ac) Importer(815301076,1909f56bfc062723c751e8b465ee728b)
Start importing Assets/Scripts/PlayerInventoryStats.cs using Guid(a81b164cfb7efa146a10315dd20d55ac) Importer(815301076,1909f56bfc062723c751e8b465ee728b)  -> (artifact id: 'bd0593749f8910526ca9e34a723d9a93') in 0.000886 seconds
Number of updated asset objects reloaded before import = 0
Number of asset objects unloaded after import = 0
========================================================================
Received Import Request.
  Time since last request: 42.606698 seconds.
  path: Assets/Scripts/PlayerController.cs
  artifactKey: Guid(ece2ac313fe6d324abe0318a16c87dc9) Importer(815301076,1909f56bfc062723c751e8b465ee728b)
Start importing Assets/Scripts/PlayerController.cs using Guid(ece2ac313fe6d324abe0318a16c87dc9) Importer(815301076,1909f56bfc062723c751e8b465ee728b)  -> (artifact id: 'f96989adc06b10ba0171b875abe9e805') in 0.000627 seconds
Number of updated asset objects reloaded before import = 0
Number of asset objects unloaded after import = 0
========================================================================
Received Prepare
Begin MonoManager ReloadAssembly
- Loaded All Assemblies, in  0.538 seconds
Refreshing native plugins compatible for Editor in 3.91 ms, found 3 plugins.
Native extension for WindowsStandalone target not found
[Package Manager] Server::EnsureServerProcessIsRunning -- launch failed, reason: Unity was launched with the -noUpm command-line argument
[Package Manager] UpmClient::Send -- Unable to send message (not connected to UPM process).
[Package Manager] Cannot connect to Unity Package Manager local server
Mono: successfully reloaded assembly
- Finished resetting the current domain, in  1.055 seconds
Domain Reload Profiling: 1588ms
	BeginReloadAssembly (184ms)
		ExecutionOrderSort (0ms)
		DisableScriptedObjects (6ms)
		BackupInstance (0ms)
		ReleaseScriptingObjects (0ms)
		CreateAndSetChildDomain (36ms)
	RebuildCommonClasses (43ms)
	RebuildNativeTypeToScriptingClass (17ms)
	initialDomainReloadingComplete (43ms)
	LoadAllAssembliesAndSetupDomain (245ms)
		LoadAssemblies (321ms)
		RebuildTransferFunctionScriptingTraits (0ms)
		AnalyzeDomain (31ms)
			TypeCache.Refresh (11ms)
				TypeCache.ScanAssembly (2ms)
			ScanForSourceGeneratedMonoScriptInfo (10ms)
			ResolveRequiredComponents (8ms)
	FinalizeReload (1055ms)
		ReleaseScriptCaches (0ms)
		RebuildScriptCaches (0ms)
		SetupLoadedEditorAssemblies (491ms)
			LogAssemblyErrors (0ms)
			InitializePlatformSupportModulesInManaged (5ms)
			SetLoadedEditorAssemblies (3ms)
			RefreshPlugins (0ms)
			BeforeProcessingInitializeOnLoad (69ms)
			ProcessInitializeOnLoadAttributes (380ms)
			ProcessInitializeOnLoadMethodAttributes (26ms)
			AfterProcessingInitializeOnLoad (9ms)
			EditorAssembliesLoaded (0ms)
		ExecutionOrderSort2 (0ms)
		AwakeInstancesAfterBackupRestoration (6ms)
Refreshing native plugins compatible for Editor in 4.47 ms, found 3 plugins.
Preloading 0 native plugins for Editor in 0.00 ms.
Unloading 3136 Unused Serialized files (Serialized files now loaded: 0)
Unloading 24 unused Assets / (31.6 KB). Loaded Objects now: 3623.
Memory consumption went from 116.1 MB to 116.1 MB.
Total: 2.868600 ms (FindLiveObjects: 0.183100 ms CreateObjectMapping: 0.082100 ms MarkObjects: 2.546800 ms  DeleteObjects: 0.054800 ms)

Prepare: number of updated asset objects reloaded= 0
AssetImportParameters requested are different than current active one (requested -> active):
  custom:container-demuxer-ogg: 62fdf1f143b41e24485cea50d1cbac27 -> 
  custom:scripting/monoscript/fileName/SoundManager.cs: 840c753ea222748db3b6d6106ce94b8b -> 97b8b7f19e31a376baf624982cbfe12a
  custom:video-codec-MediaFoundation-h265: 746d11721c4dcdbdad8f713fa42b33f4 -> 
  custom:video-decoder-ogg-theora: a1e56fd34408186e4bbccfd4996cb3dc -> 
  custom:framework-win-MediaFoundation: 216162199b28c13a410421893ffa2e32 -> 
  custom:scripting/monoscript/fileName/FootSteps.cs: 218c6080fee3ff94ba1700b95626917c -> ed410428969f078ecf3fe11eb0dc6215
  custom:scripting/monoscript/fileName/PlayerCam.cs: cb636300c7189d61a699107f19ac9c19 -> 2baf756480d7a3732f43ac30c19a37b9
  custom:scripting/monoscript/fileName/Restart.cs: f4038f140f9e26ceb7931d56fcf7209d -> add66e6da873e366ed3518c440850d01
  custom:scripting/monoscript/fileName/MoveCamera.cs: 5f681b8b0e3ab502838e635f49c033f2 -> 403cfc71311e35fc8267157fec6d962f
  custom:CustomObjectIndexerAttribute: 756ad292c208cfabdd7b50bc23989ffe -> 
  custom:scripting/monoscript/fileName/PlayerManager.cs: 84ef0c7614d528361310460d29c55d5d -> fa278fc629bee650391d87d1007e9d4f
  custom:container-demuxer-webm: 4f35f7cbe854078d1ac9338744f61a02 -> 
  custom:scripting/monoscript/fileName/ViewManager.cs: 1fb9ce98786fdf226669ff67fda31e32 -> 16fc0fe828762faccb5bd455b83cd165
  custom:scripting/monoscript/fileName/LoadGameplay.cs: bfe3b105167df54892051ddb0f0b44d8 -> aad5b318aeaf7cab13dc7c7043703a47
  custom:container-muxer-webm: aa71ff27fc2769a1b78a27578f13a17b -> 
  custom:video-decoder-webm-vp8: 9c59270c3fd7afecdb556c50c9e8de78 -> 
  custom:scripting/monoscript/fileName/MainMenuView.cs: 897e03f9777e06433251eba469ad4b50 -> 2586d7dc20fddeeb79f875dc5dd67bdb
  custom:SearchIndexIgnoredProperties: e643bd26f0fe6173181afceb89e7c659 -> 
  custom:AudioImporter_EditorPlatform: d09bf68614088b80899f8185d706f6e7 -> 
  custom:scripting/monoscript/fileName/LoadMainMenu.cs: ee62a4a48c616ad0d60643da03e00d13 -> 1834e51d4d49419adf81aba1c1646dd4
  custom:scripting/monoscript/fileName/LoadMaze.cs: c0e53ea9c828aa255abc1a0fa98a38e3 -> 3ed56ba6b003ee5a14a23266fa47c780
  custom:video-encoder-webm-vp8: eb34c28f22e8b96e1ab97ce403110664 -> 
  custom:audio-decoder-ogg-vorbis: bf7c407c2cedff20999df2af8eb42d56 -> 
  custom:scripting/monoscript/fileName/PlayerMovement.cs: 5c1499cfc43e291157e191fb54bb34f9 -> 42480eed24e61f9d7e7e895933644f96
  custom:scripting/monoscript/fileName/SettingsMenuView.cs: f1368c662861e2aa180ecdfb6f383f06 -> b21bd698e08f70c3ba5112c700ca21e4
  custom:audio-encoder-webm-vorbis: bf7c407c2cedff20999df2af8eb42d56 -> 
  custom:scripting/monoscript/fileName/CharacterHealth.cs: 635520b8af0c6a3afa0c82bf1fca8182 -> 961c28a590a5e66731cf0f9ea60ff381
  custom:scripting/monoscript/fileName/View.cs: 0638d28d6248c8f2cdad874142fe3386 -> 6a1fe1aae5d92ee65d14bfc28da5504b
========================================================================
Received Prepare
Begin MonoManager ReloadAssembly
- Loaded All Assemblies, in  0.380 seconds
Refreshing native plugins compatible for Editor in 3.09 ms, found 3 plugins.
Native extension for WindowsStandalone target not found
[Package Manager] Server::EnsureServerProcessIsRunning -- launch failed, reason: Unity was launched with the -noUpm command-line argument
[Package Manager] UpmClient::Send -- Unable to send message (not connected to UPM process).
[Package Manager] Cannot connect to Unity Package Manager local server
Mono: successfully reloaded assembly
- Finished resetting the current domain, in  0.874 seconds
Domain Reload Profiling: 1252ms
	BeginReloadAssembly (139ms)
		ExecutionOrderSort (0ms)
		DisableScriptedObjects (5ms)
		BackupInstance (0ms)
		ReleaseScriptingObjects (0ms)
		CreateAndSetChildDomain (30ms)
	RebuildCommonClasses (28ms)
	RebuildNativeTypeToScriptingClass (10ms)
	initialDomainReloadingComplete (26ms)
	LoadAllAssembliesAndSetupDomain (173ms)
		LoadAssemblies (237ms)
		RebuildTransferFunctionScriptingTraits (0ms)
		AnalyzeDomain (10ms)
			TypeCache.Refresh (5ms)
				TypeCache.ScanAssembly (0ms)
			ScanForSourceGeneratedMonoScriptInfo (0ms)
			ResolveRequiredComponents (4ms)
	FinalizeReload (875ms)
		ReleaseScriptCaches (0ms)
		RebuildScriptCaches (0ms)
		SetupLoadedEditorAssemblies (425ms)
			LogAssemblyErrors (0ms)
			InitializePlatformSupportModulesInManaged (5ms)
			SetLoadedEditorAssemblies (3ms)
			RefreshPlugins (0ms)
			BeforeProcessingInitializeOnLoad (60ms)
			ProcessInitializeOnLoadAttributes (319ms)
			ProcessInitializeOnLoadMethodAttributes (28ms)
			AfterProcessingInitializeOnLoad (10ms)
			EditorAssembliesLoaded (0ms)
		ExecutionOrderSort2 (0ms)
		AwakeInstancesAfterBackupRestoration (7ms)
Refreshing native plugins compatible for Editor in 3.58 ms, found 3 plugins.
Preloading 0 native plugins for Editor in 0.00 ms.
Unloading 3137 Unused Serialized files (Serialized files now loaded: 0)
Unloading 22 unused Assets / (30.5 KB). Loaded Objects now: 3626.
Memory consumption went from 116.4 MB to 116.3 MB.
Total: 2.737900 ms (FindLiveObjects: 0.200500 ms CreateObjectMapping: 0.090900 ms MarkObjects: 2.401500 ms  DeleteObjects: 0.044100 ms)

Prepare: number of updated asset objects reloaded= 0
AssetImportParameters requested are different than current active one (requested -> active):
  custom:container-demuxer-ogg: 62fdf1f143b41e24485cea50d1cbac27 -> 
  custom:scripting/monoscript/fileName/SoundManager.cs: 840c753ea222748db3b6d6106ce94b8b -> 97b8b7f19e31a376baf624982cbfe12a
  custom:video-codec-MediaFoundation-h265: 746d11721c4dcdbdad8f713fa42b33f4 -> 
  custom:video-decoder-ogg-theora: a1e56fd34408186e4bbccfd4996cb3dc -> 
  custom:framework-win-MediaFoundation: 216162199b28c13a410421893ffa2e32 -> 
  custom:scripting/monoscript/fileName/FootSteps.cs: 218c6080fee3ff94ba1700b95626917c -> ed410428969f078ecf3fe11eb0dc6215
  custom:scripting/monoscript/fileName/PlayerCam.cs: cb636300c7189d61a699107f19ac9c19 -> 2baf756480d7a3732f43ac30c19a37b9
  custom:scripting/monoscript/fileName/Restart.cs: f4038f140f9e26ceb7931d56fcf7209d -> add66e6da873e366ed3518c440850d01
  custom:scripting/monoscript/fileName/MoveCamera.cs: 5f681b8b0e3ab502838e635f49c033f2 -> 403cfc71311e35fc8267157fec6d962f
  custom:CustomObjectIndexerAttribute: 756ad292c208cfabdd7b50bc23989ffe -> 
  custom:scripting/monoscript/fileName/PlayerManager.cs: 84ef0c7614d528361310460d29c55d5d -> fa278fc629bee650391d87d1007e9d4f
  custom:container-demuxer-webm: 4f35f7cbe854078d1ac9338744f61a02 -> 
  custom:scripting/monoscript/fileName/ViewManager.cs: 1fb9ce98786fdf226669ff67fda31e32 -> 16fc0fe828762faccb5bd455b83cd165
  custom:scripting/monoscript/fileName/LoadGameplay.cs: bfe3b105167df54892051ddb0f0b44d8 -> aad5b318aeaf7cab13dc7c7043703a47
  custom:container-muxer-webm: aa71ff27fc2769a1b78a27578f13a17b -> 
  custom:video-decoder-webm-vp8: 9c59270c3fd7afecdb556c50c9e8de78 -> 
  custom:scripting/monoscript/fileName/MainMenuView.cs: 897e03f9777e06433251eba469ad4b50 -> 2586d7dc20fddeeb79f875dc5dd67bdb
  custom:SearchIndexIgnoredProperties: e643bd26f0fe6173181afceb89e7c659 -> 
  custom:AudioImporter_EditorPlatform: d09bf68614088b80899f8185d706f6e7 -> 
  custom:scripting/monoscript/fileName/LoadMainMenu.cs: ee62a4a48c616ad0d60643da03e00d13 -> 1834e51d4d49419adf81aba1c1646dd4
  custom:scripting/monoscript/fileName/LoadMaze.cs: c0e53ea9c828aa255abc1a0fa98a38e3 -> 3ed56ba6b003ee5a14a23266fa47c780
  custom:video-encoder-webm-vp8: eb34c28f22e8b96e1ab97ce403110664 -> 
  custom:audio-decoder-ogg-vorbis: bf7c407c2cedff20999df2af8eb42d56 -> 
  custom:scripting/monoscript/fileName/PlayerMovement.cs: 5c1499cfc43e291157e191fb54bb34f9 -> 42480eed24e61f9d7e7e895933644f96
  custom:scripting/monoscript/fileName/SettingsMenuView.cs: f1368c662861e2aa180ecdfb6f383f06 -> b21bd698e08f70c3ba5112c700ca21e4
  custom:audio-encoder-webm-vorbis: bf7c407c2cedff20999df2af8eb42d56 -> 
  custom:scripting/monoscript/fileName/CharacterHealth.cs: 635520b8af0c6a3afa0c82bf1fca8182 -> 961c28a590a5e66731cf0f9ea60ff381
  custom:scripting/monoscript/fileName/View.cs: 0638d28d6248c8f2cdad874142fe3386 -> 6a1fe1aae5d92ee65d14bfc28da5504b
========================================================================
Received Prepare
Begin MonoManager ReloadAssembly
- Loaded All Assemblies, in  0.370 seconds
Refreshing native plugins compatible for Editor in 3.07 ms, found 3 plugins.
Native extension for WindowsStandalone target not found
[Package Manager] Server::EnsureServerProcessIsRunning -- launch failed, reason: Unity was launched with the -noUpm command-line argument
[Package Manager] UpmClient::Send -- Unable to send message (not connected to UPM process).
[Package Manager] Cannot connect to Unity Package Manager local server
Mono: successfully reloaded assembly
- Finished resetting the current domain, in  0.885 seconds
Domain Reload Profiling: 1252ms
	BeginReloadAssembly (138ms)
		ExecutionOrderSort (0ms)
		DisableScriptedObjects (3ms)
		BackupInstance (0ms)
		ReleaseScriptingObjects (0ms)
		CreateAndSetChildDomain (27ms)
	RebuildCommonClasses (28ms)
	RebuildNativeTypeToScriptingClass (9ms)
	initialDomainReloadingComplete (28ms)
	LoadAllAssembliesAndSetupDomain (164ms)
		LoadAssemblies (232ms)
		RebuildTransferFunctionScriptingTraits (0ms)
		AnalyzeDomain (10ms)
			TypeCache.Refresh (5ms)
				TypeCache.ScanAssembly (0ms)
			ScanForSourceGeneratedMonoScriptInfo (0ms)
			ResolveRequiredComponents (4ms)
	FinalizeReload (885ms)
		ReleaseScriptCaches (0ms)
		RebuildScriptCaches (0ms)
		SetupLoadedEditorAssemblies (414ms)
			LogAssemblyErrors (0ms)
			InitializePlatformSupportModulesInManaged (6ms)
			SetLoadedEditorAssemblies (3ms)
			RefreshPlugins (0ms)
			BeforeProcessingInitializeOnLoad (58ms)
			ProcessInitializeOnLoadAttributes (318ms)
			ProcessInitializeOnLoadMethodAttributes (21ms)
			AfterProcessingInitializeOnLoad (9ms)
			EditorAssembliesLoaded (0ms)
		ExecutionOrderSort2 (0ms)
		AwakeInstancesAfterBackupRestoration (6ms)
Refreshing native plugins compatible for Editor in 4.28 ms, found 3 plugins.
Preloading 0 native plugins for Editor in 0.00 ms.
Unloading 3137 Unused Serialized files (Serialized files now loaded: 0)
Unloading 22 unused Assets / (30.6 KB). Loaded Objects now: 3629.
Memory consumption went from 116.4 MB to 116.3 MB.
Total: 3.677000 ms (FindLiveObjects: 0.373000 ms CreateObjectMapping: 0.125200 ms MarkObjects: 3.125300 ms  DeleteObjects: 0.051700 ms)

Prepare: number of updated asset objects reloaded= 0
AssetImportParameters requested are different than current active one (requested -> active):
  custom:container-demuxer-ogg: 62fdf1f143b41e24485cea50d1cbac27 -> 
  custom:scripting/monoscript/fileName/SoundManager.cs: 840c753ea222748db3b6d6106ce94b8b -> 97b8b7f19e31a376baf624982cbfe12a
  custom:video-codec-MediaFoundation-h265: 746d11721c4dcdbdad8f713fa42b33f4 -> 
  custom:video-decoder-ogg-theora: a1e56fd34408186e4bbccfd4996cb3dc -> 
  custom:framework-win-MediaFoundation: 216162199b28c13a410421893ffa2e32 -> 
  custom:scripting/monoscript/fileName/FootSteps.cs: 218c6080fee3ff94ba1700b95626917c -> ed410428969f078ecf3fe11eb0dc6215
  custom:scripting/monoscript/fileName/PlayerCam.cs: cb636300c7189d61a699107f19ac9c19 -> 2baf756480d7a3732f43ac30c19a37b9
  custom:scripting/monoscript/fileName/Restart.cs: f4038f140f9e26ceb7931d56fcf7209d -> add66e6da873e366ed3518c440850d01
  custom:scripting/monoscript/fileName/MoveCamera.cs: 5f681b8b0e3ab502838e635f49c033f2 -> 403cfc71311e35fc8267157fec6d962f
  custom:CustomObjectIndexerAttribute: 756ad292c208cfabdd7b50bc23989ffe -> 
  custom:scripting/monoscript/fileName/PlayerManager.cs: 84ef0c7614d528361310460d29c55d5d -> fa278fc629bee650391d87d1007e9d4f
  custom:container-demuxer-webm: 4f35f7cbe854078d1ac9338744f61a02 -> 
  custom:scripting/monoscript/fileName/ViewManager.cs: 1fb9ce98786fdf226669ff67fda31e32 -> 16fc0fe828762faccb5bd455b83cd165
  custom:scripting/monoscript/fileName/LoadGameplay.cs: bfe3b105167df54892051ddb0f0b44d8 -> aad5b318aeaf7cab13dc7c7043703a47
  custom:container-muxer-webm: aa71ff27fc2769a1b78a27578f13a17b -> 
  custom:video-decoder-webm-vp8: 9c59270c3fd7afecdb556c50c9e8de78 -> 
  custom:scripting/monoscript/fileName/MainMenuView.cs: 897e03f9777e06433251eba469ad4b50 -> 2586d7dc20fddeeb79f875dc5dd67bdb
  custom:SearchIndexIgnoredProperties: e643bd26f0fe6173181afceb89e7c659 -> 
  custom:AudioImporter_EditorPlatform: d09bf68614088b80899f8185d706f6e7 -> 
  custom:scripting/monoscript/fileName/LoadMainMenu.cs: ee62a4a48c616ad0d60643da03e00d13 -> 1834e51d4d49419adf81aba1c1646dd4
  custom:scripting/monoscript/fileName/LoadMaze.cs: c0e53ea9c828aa255abc1a0fa98a38e3 -> 3ed56ba6b003ee5a14a23266fa47c780
  custom:video-encoder-webm-vp8: eb34c28f22e8b96e1ab97ce403110664 -> 
  custom:audio-decoder-ogg-vorbis: bf7c407c2cedff20999df2af8eb42d56 -> 
  custom:scripting/monoscript/fileName/PlayerMovement.cs: 5c1499cfc43e291157e191fb54bb34f9 -> 42480eed24e61f9d7e7e895933644f96
  custom:scripting/monoscript/fileName/SettingsMenuView.cs: f1368c662861e2aa180ecdfb6f383f06 -> b21bd698e08f70c3ba5112c700ca21e4
  custom:audio-encoder-webm-vorbis: bf7c407c2cedff20999df2af8eb42d56 -> 
  custom:scripting/monoscript/fileName/CharacterHealth.cs: 635520b8af0c6a3afa0c82bf1fca8182 -> 961c28a590a5e66731cf0f9ea60ff381
  custom:scripting/monoscript/fileName/View.cs: 0638d28d6248c8f2cdad874142fe3386 -> 6a1fe1aae5d92ee65d14bfc28da5504b
========================================================================
Received Prepare
Begin MonoManager ReloadAssembly
- Loaded All Assemblies, in  0.363 seconds
Refreshing native plugins compatible for Editor in 3.19 ms, found 3 plugins.
Native extension for WindowsStandalone target not found
[Package Manager] Server::EnsureServerProcessIsRunning -- launch failed, reason: Unity was launched with the -noUpm command-line argument
[Package Manager] UpmClient::Send -- Unable to send message (not connected to UPM process).
[Package Manager] Cannot connect to Unity Package Manager local server
Mono: successfully reloaded assembly
- Finished resetting the current domain, in  0.914 seconds
Domain Reload Profiling: 1273ms
	BeginReloadAssembly (133ms)
		ExecutionOrderSort (0ms)
		DisableScriptedObjects (4ms)
		BackupInstance (0ms)
		ReleaseScriptingObjects (0ms)
		CreateAndSetChildDomain (26ms)
	RebuildCommonClasses (27ms)
	RebuildNativeTypeToScriptingClass (9ms)
	initialDomainReloadingComplete (27ms)
	LoadAllAssembliesAndSetupDomain (163ms)
		LoadAssemblies (225ms)
		RebuildTransferFunctionScriptingTraits (0ms)
		AnalyzeDomain (11ms)
			TypeCache.Refresh (5ms)
				TypeCache.ScanAssembly (0ms)
			ScanForSourceGeneratedMonoScriptInfo (0ms)
			ResolveRequiredComponents (4ms)
	FinalizeReload (915ms)
		ReleaseScriptCaches (0ms)
		RebuildScriptCaches (0ms)
		SetupLoadedEditorAssemblies (452ms)
			LogAssemblyErrors (0ms)
			InitializePlatformSupportModulesInManaged (7ms)
			SetLoadedEditorAssemblies (4ms)
			RefreshPlugins (0ms)
			BeforeProcessingInitializeOnLoad (62ms)
			ProcessInitializeOnLoadAttributes (332ms)
			ProcessInitializeOnLoadMethodAttributes (40ms)
			AfterProcessingInitializeOnLoad (7ms)
			EditorAssembliesLoaded (0ms)
		ExecutionOrderSort2 (0ms)
		AwakeInstancesAfterBackupRestoration (6ms)
Refreshing native plugins compatible for Editor in 4.24 ms, found 3 plugins.
Preloading 0 native plugins for Editor in 0.00 ms.
Unloading 3137 Unused Serialized files (Serialized files now loaded: 0)
Unloading 22 unused Assets / (30.6 KB). Loaded Objects now: 3632.
Memory consumption went from 116.4 MB to 116.3 MB.
Total: 2.781000 ms (FindLiveObjects: 0.213400 ms CreateObjectMapping: 0.091400 ms MarkObjects: 2.424100 ms  DeleteObjects: 0.050800 ms)

Prepare: number of updated asset objects reloaded= 0
AssetImportParameters requested are different than current active one (requested -> active):
  custom:container-demuxer-ogg: 62fdf1f143b41e24485cea50d1cbac27 -> 
  custom:scripting/monoscript/fileName/SoundManager.cs: 840c753ea222748db3b6d6106ce94b8b -> 97b8b7f19e31a376baf624982cbfe12a
  custom:video-codec-MediaFoundation-h265: 746d11721c4dcdbdad8f713fa42b33f4 -> 
  custom:video-decoder-ogg-theora: a1e56fd34408186e4bbccfd4996cb3dc -> 
  custom:framework-win-MediaFoundation: 216162199b28c13a410421893ffa2e32 -> 
  custom:scripting/monoscript/fileName/FootSteps.cs: 218c6080fee3ff94ba1700b95626917c -> ed410428969f078ecf3fe11eb0dc6215
  custom:scripting/monoscript/fileName/PlayerCam.cs: cb636300c7189d61a699107f19ac9c19 -> 2baf756480d7a3732f43ac30c19a37b9
  custom:scripting/monoscript/fileName/Restart.cs: f4038f140f9e26ceb7931d56fcf7209d -> add66e6da873e366ed3518c440850d01
  custom:scripting/monoscript/fileName/MoveCamera.cs: 5f681b8b0e3ab502838e635f49c033f2 -> 403cfc71311e35fc8267157fec6d962f
  custom:CustomObjectIndexerAttribute: 756ad292c208cfabdd7b50bc23989ffe -> 
  custom:scripting/monoscript/fileName/PlayerManager.cs: 84ef0c7614d528361310460d29c55d5d -> fa278fc629bee650391d87d1007e9d4f
  custom:container-demuxer-webm: 4f35f7cbe854078d1ac9338744f61a02 -> 
  custom:scripting/monoscript/fileName/ViewManager.cs: 1fb9ce98786fdf226669ff67fda31e32 -> 16fc0fe828762faccb5bd455b83cd165
  custom:scripting/monoscript/fileName/LoadGameplay.cs: bfe3b105167df54892051ddb0f0b44d8 -> aad5b318aeaf7cab13dc7c7043703a47
  custom:container-muxer-webm: aa71ff27fc2769a1b78a27578f13a17b -> 
  custom:video-decoder-webm-vp8: 9c59270c3fd7afecdb556c50c9e8de78 -> 
  custom:scripting/monoscript/fileName/MainMenuView.cs: 897e03f9777e06433251eba469ad4b50 -> 2586d7dc20fddeeb79f875dc5dd67bdb
  custom:SearchIndexIgnoredProperties: e643bd26f0fe6173181afceb89e7c659 -> 
  custom:AudioImporter_EditorPlatform: d09bf68614088b80899f8185d706f6e7 -> 
  custom:scripting/monoscript/fileName/LoadMainMenu.cs: ee62a4a48c616ad0d60643da03e00d13 -> 1834e51d4d49419adf81aba1c1646dd4
  custom:scripting/monoscript/fileName/LoadMaze.cs: c0e53ea9c828aa255abc1a0fa98a38e3 -> 3ed56ba6b003ee5a14a23266fa47c780
  custom:video-encoder-webm-vp8: eb34c28f22e8b96e1ab97ce403110664 -> 
  custom:audio-decoder-ogg-vorbis: bf7c407c2cedff20999df2af8eb42d56 -> 
  custom:scripting/monoscript/fileName/PlayerMovement.cs: 5c1499cfc43e291157e191fb54bb34f9 -> 42480eed24e61f9d7e7e895933644f96
  custom:scripting/monoscript/fileName/SettingsMenuView.cs: f1368c662861e2aa180ecdfb6f383f06 -> b21bd698e08f70c3ba5112c700ca21e4
  custom:audio-encoder-webm-vorbis: bf7c407c2cedff20999df2af8eb42d56 -> 
  custom:scripting/monoscript/fileName/CharacterHealth.cs: 635520b8af0c6a3afa0c82bf1fca8182 -> 961c28a590a5e66731cf0f9ea60ff381
  custom:scripting/monoscript/fileName/View.cs: 0638d28d6248c8f2cdad874142fe3386 -> 6a1fe1aae5d92ee65d14bfc28da5504b
========================================================================
Received Import Request.
  Time since last request: 372.650049 seconds.
  path: Assets/Prefabs/Health Bar.prefab
  artifactKey: Guid(2f874b08540a38440ad6e811906c9195) Importer(815301076,1909f56bfc062723c751e8b465ee728b)
Start importing Assets/Prefabs/Health Bar.prefab using Guid(2f874b08540a38440ad6e811906c9195) Importer(815301076,1909f56bfc062723c751e8b465ee728b)  -> (artifact id: 'da775a832986c4ee989c715bbc37bf8b') in 0.028788 seconds
Number of updated asset objects reloaded before import = 0
Number of asset objects unloaded after import = 11
========================================================================
Received Prepare
Begin MonoManager ReloadAssembly
- Loaded All Assemblies, in  0.375 seconds
Refreshing native plugins compatible for Editor in 3.39 ms, found 3 plugins.
Native extension for WindowsStandalone target not found
[Package Manager] Server::EnsureServerProcessIsRunning -- launch failed, reason: Unity was launched with the -noUpm command-line argument
[Package Manager] UpmClient::Send -- Unable to send message (not connected to UPM process).
[Package Manager] Cannot connect to Unity Package Manager local server
Mono: successfully reloaded assembly
- Finished resetting the current domain, in  0.855 seconds
Domain Reload Profiling: 1227ms
	BeginReloadAssembly (137ms)
		ExecutionOrderSort (0ms)
		DisableScriptedObjects (4ms)
		BackupInstance (0ms)
		ReleaseScriptingObjects (0ms)
		CreateAndSetChildDomain (30ms)
	RebuildCommonClasses (28ms)
	RebuildNativeTypeToScriptingClass (10ms)
	initialDomainReloadingComplete (27ms)
	LoadAllAssembliesAndSetupDomain (170ms)
		LoadAssemblies (234ms)
		RebuildTransferFunctionScriptingTraits (0ms)
		AnalyzeDomain (11ms)
			TypeCache.Refresh (5ms)
				TypeCache.ScanAssembly (0ms)
			ScanForSourceGeneratedMonoScriptInfo (0ms)
			ResolveRequiredComponents (4ms)
	FinalizeReload (856ms)
		ReleaseScriptCaches (0ms)
		RebuildScriptCaches (0ms)
		SetupLoadedEditorAssemblies (410ms)
			LogAssemblyErrors (0ms)
			InitializePlatformSupportModulesInManaged (5ms)
			SetLoadedEditorAssemblies (3ms)
			RefreshPlugins (0ms)
			BeforeProcessingInitializeOnLoad (52ms)
			ProcessInitializeOnLoadAttributes (321ms)
			ProcessInitializeOnLoadMethodAttributes (20ms)
			AfterProcessingInitializeOnLoad (8ms)
			EditorAssembliesLoaded (0ms)
		ExecutionOrderSort2 (0ms)
		AwakeInstancesAfterBackupRestoration (7ms)
Refreshing native plugins compatible for Editor in 4.34 ms, found 3 plugins.
Preloading 0 native plugins for Editor in 0.00 ms.
Unloading 3136 Unused Serialized files (Serialized files now loaded: 0)
Unloading 22 unused Assets / (30.7 KB). Loaded Objects now: 3636.
Memory consumption went from 116.1 MB to 116.1 MB.
Total: 2.825100 ms (FindLiveObjects: 0.227500 ms CreateObjectMapping: 0.086400 ms MarkObjects: 2.459100 ms  DeleteObjects: 0.050500 ms)

Prepare: number of updated asset objects reloaded= 0
AssetImportParameters requested are different than current active one (requested -> active):
  custom:container-demuxer-ogg: 62fdf1f143b41e24485cea50d1cbac27 -> 
  custom:scripting/monoscript/fileName/SoundManager.cs: 840c753ea222748db3b6d6106ce94b8b -> 97b8b7f19e31a376baf624982cbfe12a
  custom:video-codec-MediaFoundation-h265: 746d11721c4dcdbdad8f713fa42b33f4 -> 
  custom:video-decoder-ogg-theora: a1e56fd34408186e4bbccfd4996cb3dc -> 
  custom:framework-win-MediaFoundation: 216162199b28c13a410421893ffa2e32 -> 
  custom:scripting/monoscript/fileName/FootSteps.cs: 218c6080fee3ff94ba1700b95626917c -> ed410428969f078ecf3fe11eb0dc6215
  custom:scripting/monoscript/fileName/PlayerCam.cs: cb636300c7189d61a699107f19ac9c19 -> 2baf756480d7a3732f43ac30c19a37b9
  custom:scripting/monoscript/fileName/Restart.cs: f4038f140f9e26ceb7931d56fcf7209d -> add66e6da873e366ed3518c440850d01
  custom:scripting/monoscript/fileName/MoveCamera.cs: 5f681b8b0e3ab502838e635f49c033f2 -> 403cfc71311e35fc8267157fec6d962f
  custom:CustomObjectIndexerAttribute: 756ad292c208cfabdd7b50bc23989ffe -> 
  custom:scripting/monoscript/fileName/PlayerManager.cs: 84ef0c7614d528361310460d29c55d5d -> fa278fc629bee650391d87d1007e9d4f
  custom:container-demuxer-webm: 4f35f7cbe854078d1ac9338744f61a02 -> 
  custom:scripting/monoscript/fileName/ViewManager.cs: 1fb9ce98786fdf226669ff67fda31e32 -> 16fc0fe828762faccb5bd455b83cd165
  custom:scripting/monoscript/fileName/LoadGameplay.cs: bfe3b105167df54892051ddb0f0b44d8 -> aad5b318aeaf7cab13dc7c7043703a47
  custom:container-muxer-webm: aa71ff27fc2769a1b78a27578f13a17b -> 
  custom:video-decoder-webm-vp8: 9c59270c3fd7afecdb556c50c9e8de78 -> 
  custom:scripting/monoscript/fileName/MainMenuView.cs: 897e03f9777e06433251eba469ad4b50 -> 2586d7dc20fddeeb79f875dc5dd67bdb
  custom:SearchIndexIgnoredProperties: e643bd26f0fe6173181afceb89e7c659 -> 
  custom:AudioImporter_EditorPlatform: d09bf68614088b80899f8185d706f6e7 -> 
  custom:scripting/monoscript/fileName/LoadMainMenu.cs: ee62a4a48c616ad0d60643da03e00d13 -> 1834e51d4d49419adf81aba1c1646dd4
  custom:scripting/monoscript/fileName/LoadMaze.cs: c0e53ea9c828aa255abc1a0fa98a38e3 -> 3ed56ba6b003ee5a14a23266fa47c780
  custom:video-encoder-webm-vp8: eb34c28f22e8b96e1ab97ce403110664 -> 
  custom:audio-decoder-ogg-vorbis: bf7c407c2cedff20999df2af8eb42d56 -> 
  custom:scripting/monoscript/fileName/PlayerMovement.cs: 5c1499cfc43e291157e191fb54bb34f9 -> 42480eed24e61f9d7e7e895933644f96
  custom:scripting/monoscript/fileName/SettingsMenuView.cs: f1368c662861e2aa180ecdfb6f383f06 -> b21bd698e08f70c3ba5112c700ca21e4
  custom:audio-encoder-webm-vorbis: bf7c407c2cedff20999df2af8eb42d56 -> 
  custom:scripting/monoscript/fileName/CharacterHealth.cs: 635520b8af0c6a3afa0c82bf1fca8182 -> 961c28a590a5e66731cf0f9ea60ff381
  custom:scripting/monoscript/fileName/View.cs: 0638d28d6248c8f2cdad874142fe3386 -> 6a1fe1aae5d92ee65d14bfc28da5504b
========================================================================
Received Prepare
Begin MonoManager ReloadAssembly
- Loaded All Assemblies, in  0.407 seconds
Refreshing native plugins compatible for Editor in 4.12 ms, found 3 plugins.
Native extension for WindowsStandalone target not found
[Package Manager] Server::EnsureServerProcessIsRunning -- launch failed, reason: Unity was launched with the -noUpm command-line argument
[Package Manager] UpmClient::Send -- Unable to send message (not connected to UPM process).
[Package Manager] Cannot connect to Unity Package Manager local server
Mono: successfully reloaded assembly
- Finished resetting the current domain, in  0.900 seconds
Domain Reload Profiling: 1303ms
	BeginReloadAssembly (150ms)
		ExecutionOrderSort (0ms)
		DisableScriptedObjects (4ms)
		BackupInstance (0ms)
		ReleaseScriptingObjects (0ms)
		CreateAndSetChildDomain (31ms)
	RebuildCommonClasses (28ms)
	RebuildNativeTypeToScriptingClass (10ms)
	initialDomainReloadingComplete (28ms)
	LoadAllAssembliesAndSetupDomain (187ms)
		LoadAssemblies (260ms)
		RebuildTransferFunctionScriptingTraits (0ms)
		AnalyzeDomain (11ms)
			TypeCache.Refresh (5ms)
				TypeCache.ScanAssembly (0ms)
			ScanForSourceGeneratedMonoScriptInfo (0ms)
			ResolveRequiredComponents (4ms)
	FinalizeReload (901ms)
		ReleaseScriptCaches (0ms)
		RebuildScriptCaches (0ms)
		SetupLoadedEditorAssemblies (431ms)
			LogAssemblyErrors (0ms)
			InitializePlatformSupportModulesInManaged (6ms)
			SetLoadedEditorAssemblies (3ms)
			RefreshPlugins (0ms)
			BeforeProcessingInitializeOnLoad (54ms)
			ProcessInitializeOnLoadAttributes (340ms)
			ProcessInitializeOnLoadMethodAttributes (20ms)
			AfterProcessingInitializeOnLoad (8ms)
			EditorAssembliesLoaded (0ms)
		ExecutionOrderSort2 (0ms)
		AwakeInstancesAfterBackupRestoration (7ms)
Refreshing native plugins compatible for Editor in 4.19 ms, found 3 plugins.
Preloading 0 native plugins for Editor in 0.00 ms.
Unloading 3137 Unused Serialized files (Serialized files now loaded: 0)
Unloading 22 unused Assets / (30.6 KB). Loaded Objects now: 3639.
Memory consumption went from 116.4 MB to 116.4 MB.
Total: 3.168200 ms (FindLiveObjects: 0.196400 ms CreateObjectMapping: 0.114100 ms MarkObjects: 2.806700 ms  DeleteObjects: 0.049200 ms)

Prepare: number of updated asset objects reloaded= 0
AssetImportParameters requested are different than current active one (requested -> active):
  custom:container-demuxer-ogg: 62fdf1f143b41e24485cea50d1cbac27 -> 
  custom:scripting/monoscript/fileName/SoundManager.cs: 840c753ea222748db3b6d6106ce94b8b -> 97b8b7f19e31a376baf624982cbfe12a
  custom:video-codec-MediaFoundation-h265: 746d11721c4dcdbdad8f713fa42b33f4 -> 
  custom:video-decoder-ogg-theora: a1e56fd34408186e4bbccfd4996cb3dc -> 
  custom:framework-win-MediaFoundation: 216162199b28c13a410421893ffa2e32 -> 
  custom:scripting/monoscript/fileName/FootSteps.cs: 218c6080fee3ff94ba1700b95626917c -> ed410428969f078ecf3fe11eb0dc6215
  custom:scripting/monoscript/fileName/PlayerCam.cs: cb636300c7189d61a699107f19ac9c19 -> 2baf756480d7a3732f43ac30c19a37b9
  custom:scripting/monoscript/fileName/Restart.cs: f4038f140f9e26ceb7931d56fcf7209d -> add66e6da873e366ed3518c440850d01
  custom:scripting/monoscript/fileName/MoveCamera.cs: 5f681b8b0e3ab502838e635f49c033f2 -> 403cfc71311e35fc8267157fec6d962f
  custom:CustomObjectIndexerAttribute: 756ad292c208cfabdd7b50bc23989ffe -> 
  custom:scripting/monoscript/fileName/PlayerManager.cs: 84ef0c7614d528361310460d29c55d5d -> fa278fc629bee650391d87d1007e9d4f
  custom:container-demuxer-webm: 4f35f7cbe854078d1ac9338744f61a02 -> 
  custom:scripting/monoscript/fileName/ViewManager.cs: 1fb9ce98786fdf226669ff67fda31e32 -> 16fc0fe828762faccb5bd455b83cd165
  custom:scripting/monoscript/fileName/LoadGameplay.cs: bfe3b105167df54892051ddb0f0b44d8 -> aad5b318aeaf7cab13dc7c7043703a47
  custom:container-muxer-webm: aa71ff27fc2769a1b78a27578f13a17b -> 
  custom:video-decoder-webm-vp8: 9c59270c3fd7afecdb556c50c9e8de78 -> 
  custom:scripting/monoscript/fileName/MainMenuView.cs: 897e03f9777e06433251eba469ad4b50 -> 2586d7dc20fddeeb79f875dc5dd67bdb
  custom:SearchIndexIgnoredProperties: e643bd26f0fe6173181afceb89e7c659 -> 
  custom:AudioImporter_EditorPlatform: d09bf68614088b80899f8185d706f6e7 -> 
  custom:scripting/monoscript/fileName/LoadMainMenu.cs: ee62a4a48c616ad0d60643da03e00d13 -> 1834e51d4d49419adf81aba1c1646dd4
  custom:scripting/monoscript/fileName/LoadMaze.cs: c0e53ea9c828aa255abc1a0fa98a38e3 -> 3ed56ba6b003ee5a14a23266fa47c780
  custom:video-encoder-webm-vp8: eb34c28f22e8b96e1ab97ce403110664 -> 
  custom:audio-decoder-ogg-vorbis: bf7c407c2cedff20999df2af8eb42d56 -> 
  custom:scripting/monoscript/fileName/PlayerMovement.cs: 5c1499cfc43e291157e191fb54bb34f9 -> 42480eed24e61f9d7e7e895933644f96
  custom:scripting/monoscript/fileName/SettingsMenuView.cs: f1368c662861e2aa180ecdfb6f383f06 -> b21bd698e08f70c3ba5112c700ca21e4
  custom:audio-encoder-webm-vorbis: bf7c407c2cedff20999df2af8eb42d56 -> 
  custom:scripting/monoscript/fileName/CharacterHealth.cs: 635520b8af0c6a3afa0c82bf1fca8182 -> 961c28a590a5e66731cf0f9ea60ff381
  custom:scripting/monoscript/fileName/View.cs: 0638d28d6248c8f2cdad874142fe3386 -> 6a1fe1aae5d92ee65d14bfc28da5504b
========================================================================
Received Prepare
Begin MonoManager ReloadAssembly
- Loaded All Assemblies, in  0.406 seconds
Refreshing native plugins compatible for Editor in 3.83 ms, found 3 plugins.
Native extension for WindowsStandalone target not found
[Package Manager] Server::EnsureServerProcessIsRunning -- launch failed, reason: Unity was launched with the -noUpm command-line argument
[Package Manager] UpmClient::Send -- Unable to send message (not connected to UPM process).
[Package Manager] Cannot connect to Unity Package Manager local server
Mono: successfully reloaded assembly
- Finished resetting the current domain, in  0.907 seconds
Domain Reload Profiling: 1309ms
	BeginReloadAssembly (143ms)
		ExecutionOrderSort (0ms)
		DisableScriptedObjects (4ms)
		BackupInstance (0ms)
		ReleaseScriptingObjects (0ms)
		CreateAndSetChildDomain (30ms)
	RebuildCommonClasses (30ms)
	RebuildNativeTypeToScriptingClass (16ms)
	initialDomainReloadingComplete (30ms)
	LoadAllAssembliesAndSetupDomain (183ms)
		LoadAssemblies (252ms)
		RebuildTransferFunctionScriptingTraits (0ms)
		AnalyzeDomain (10ms)
			TypeCache.Refresh (5ms)
				TypeCache.ScanAssembly (0ms)
			ScanForSourceGeneratedMonoScriptInfo (0ms)
			ResolveRequiredComponents (4ms)
	FinalizeReload (908ms)
		ReleaseScriptCaches (0ms)
		RebuildScriptCaches (0ms)
		SetupLoadedEditorAssemblies (435ms)
			LogAssemblyErrors (0ms)
			InitializePlatformSupportModulesInManaged (6ms)
			SetLoadedEditorAssemblies (3ms)
			RefreshPlugins (0ms)
			BeforeProcessingInitializeOnLoad (58ms)
			ProcessInitializeOnLoadAttributes (341ms)
			ProcessInitializeOnLoadMethodAttributes (19ms)
			AfterProcessingInitializeOnLoad (8ms)
			EditorAssembliesLoaded (0ms)
		ExecutionOrderSort2 (0ms)
		AwakeInstancesAfterBackupRestoration (6ms)
Refreshing native plugins compatible for Editor in 4.41 ms, found 3 plugins.
Preloading 0 native plugins for Editor in 0.00 ms.
Unloading 3137 Unused Serialized files (Serialized files now loaded: 0)
Unloading 22 unused Assets / (30.6 KB). Loaded Objects now: 3642.
Memory consumption went from 116.4 MB to 116.4 MB.
Total: 3.320400 ms (FindLiveObjects: 0.201800 ms CreateObjectMapping: 0.149200 ms MarkObjects: 2.912500 ms  DeleteObjects: 0.055600 ms)

Prepare: number of updated asset objects reloaded= 0
AssetImportParameters requested are different than current active one (requested -> active):
  custom:container-demuxer-ogg: 62fdf1f143b41e24485cea50d1cbac27 -> 
  custom:scripting/monoscript/fileName/SoundManager.cs: 840c753ea222748db3b6d6106ce94b8b -> 97b8b7f19e31a376baf624982cbfe12a
  custom:video-codec-MediaFoundation-h265: 746d11721c4dcdbdad8f713fa42b33f4 -> 
  custom:video-decoder-ogg-theora: a1e56fd34408186e4bbccfd4996cb3dc -> 
  custom:framework-win-MediaFoundation: 216162199b28c13a410421893ffa2e32 -> 
  custom:scripting/monoscript/fileName/FootSteps.cs: 218c6080fee3ff94ba1700b95626917c -> ed410428969f078ecf3fe11eb0dc6215
  custom:scripting/monoscript/fileName/PlayerCam.cs: cb636300c7189d61a699107f19ac9c19 -> 2baf756480d7a3732f43ac30c19a37b9
  custom:scripting/monoscript/fileName/Restart.cs: f4038f140f9e26ceb7931d56fcf7209d -> add66e6da873e366ed3518c440850d01
  custom:scripting/monoscript/fileName/MoveCamera.cs: 5f681b8b0e3ab502838e635f49c033f2 -> 403cfc71311e35fc8267157fec6d962f
  custom:CustomObjectIndexerAttribute: 756ad292c208cfabdd7b50bc23989ffe -> 
  custom:scripting/monoscript/fileName/PlayerManager.cs: 84ef0c7614d528361310460d29c55d5d -> fa278fc629bee650391d87d1007e9d4f
  custom:container-demuxer-webm: 4f35f7cbe854078d1ac9338744f61a02 -> 
  custom:scripting/monoscript/fileName/ViewManager.cs: 1fb9ce98786fdf226669ff67fda31e32 -> 16fc0fe828762faccb5bd455b83cd165
  custom:scripting/monoscript/fileName/LoadGameplay.cs: bfe3b105167df54892051ddb0f0b44d8 -> aad5b318aeaf7cab13dc7c7043703a47
  custom:container-muxer-webm: aa71ff27fc2769a1b78a27578f13a17b -> 
  custom:video-decoder-webm-vp8: 9c59270c3fd7afecdb556c50c9e8de78 -> 
  custom:scripting/monoscript/fileName/MainMenuView.cs: 897e03f9777e06433251eba469ad4b50 -> 2586d7dc20fddeeb79f875dc5dd67bdb
  custom:SearchIndexIgnoredProperties: e643bd26f0fe6173181afceb89e7c659 -> 
  custom:AudioImporter_EditorPlatform: d09bf68614088b80899f8185d706f6e7 -> 
  custom:scripting/monoscript/fileName/LoadMainMenu.cs: ee62a4a48c616ad0d60643da03e00d13 -> 1834e51d4d49419adf81aba1c1646dd4
  custom:scripting/monoscript/fileName/LoadMaze.cs: c0e53ea9c828aa255abc1a0fa98a38e3 -> 3ed56ba6b003ee5a14a23266fa47c780
  custom:video-encoder-webm-vp8: eb34c28f22e8b96e1ab97ce403110664 -> 
  custom:audio-decoder-ogg-vorbis: bf7c407c2cedff20999df2af8eb42d56 -> 
  custom:scripting/monoscript/fileName/PlayerMovement.cs: 5c1499cfc43e291157e191fb54bb34f9 -> 42480eed24e61f9d7e7e895933644f96
  custom:scripting/monoscript/fileName/SettingsMenuView.cs: f1368c662861e2aa180ecdfb6f383f06 -> b21bd698e08f70c3ba5112c700ca21e4
  custom:audio-encoder-webm-vorbis: bf7c407c2cedff20999df2af8eb42d56 -> 
  custom:scripting/monoscript/fileName/CharacterHealth.cs: 635520b8af0c6a3afa0c82bf1fca8182 -> 961c28a590a5e66731cf0f9ea60ff381
  custom:scripting/monoscript/fileName/View.cs: 0638d28d6248c8f2cdad874142fe3386 -> 6a1fe1aae5d92ee65d14bfc28da5504b
========================================================================
Received Prepare
Begin MonoManager ReloadAssembly
- Loaded All Assemblies, in  0.576 seconds
Refreshing native plugins compatible for Editor in 5.90 ms, found 3 plugins.
Native extension for WindowsStandalone target not found
[Package Manager] Server::EnsureServerProcessIsRunning -- launch failed, reason: Unity was launched with the -noUpm command-line argument
[Package Manager] UpmClient::Send -- Unable to send message (not connected to UPM process).
[Package Manager] Cannot connect to Unity Package Manager local server
Mono: successfully reloaded assembly
- Finished resetting the current domain, in  1.224 seconds
Domain Reload Profiling: 1796ms
	BeginReloadAssembly (187ms)
		ExecutionOrderSort (0ms)
		DisableScriptedObjects (7ms)
		BackupInstance (0ms)
		ReleaseScriptingObjects (0ms)
		CreateAndSetChildDomain (44ms)
	RebuildCommonClasses (35ms)
	RebuildNativeTypeToScriptingClass (12ms)
	initialDomainReloadingComplete (31ms)
	LoadAllAssembliesAndSetupDomain (305ms)
		LoadAssemblies (375ms)
		RebuildTransferFunctionScriptingTraits (0ms)
		AnalyzeDomain (26ms)
			TypeCache.Refresh (10ms)
				TypeCache.ScanAssembly (1ms)
			ScanForSourceGeneratedMonoScriptInfo (7ms)
			ResolveRequiredComponents (6ms)
	FinalizeReload (1225ms)
		ReleaseScriptCaches (0ms)
		RebuildScriptCaches (0ms)
		SetupLoadedEditorAssemblies (458ms)
			LogAssemblyErrors (0ms)
			InitializePlatformSupportModulesInManaged (8ms)
			SetLoadedEditorAssemblies (4ms)
			RefreshPlugins (0ms)
			BeforeProcessingInitializeOnLoad (70ms)
			ProcessInitializeOnLoadAttributes (350ms)
			ProcessInitializeOnLoadMethodAttributes (18ms)
			AfterProcessingInitializeOnLoad (8ms)
			EditorAssembliesLoaded (0ms)
		ExecutionOrderSort2 (0ms)
		AwakeInstancesAfterBackupRestoration (6ms)
Refreshing native plugins compatible for Editor in 3.28 ms, found 3 plugins.
Preloading 0 native plugins for Editor in 0.00 ms.
Unloading 3137 Unused Serialized files (Serialized files now loaded: 0)
Unloading 22 unused Assets / (30.6 KB). Loaded Objects now: 3645.
Memory consumption went from 116.4 MB to 116.4 MB.
Total: 2.869600 ms (FindLiveObjects: 0.179200 ms CreateObjectMapping: 0.092300 ms MarkObjects: 2.557400 ms  DeleteObjects: 0.039800 ms)

Prepare: number of updated asset objects reloaded= 0
AssetImportParameters requested are different than current active one (requested -> active):
  custom:container-demuxer-ogg: 62fdf1f143b41e24485cea50d1cbac27 -> 
  custom:scripting/monoscript/fileName/SoundManager.cs: 840c753ea222748db3b6d6106ce94b8b -> 97b8b7f19e31a376baf624982cbfe12a
  custom:video-codec-MediaFoundation-h265: 746d11721c4dcdbdad8f713fa42b33f4 -> 
  custom:video-decoder-ogg-theora: a1e56fd34408186e4bbccfd4996cb3dc -> 
  custom:framework-win-MediaFoundation: 216162199b28c13a410421893ffa2e32 -> 
  custom:scripting/monoscript/fileName/FootSteps.cs: 218c6080fee3ff94ba1700b95626917c -> ed410428969f078ecf3fe11eb0dc6215
  custom:scripting/monoscript/fileName/PlayerCam.cs: cb636300c7189d61a699107f19ac9c19 -> 2baf756480d7a3732f43ac30c19a37b9
  custom:scripting/monoscript/fileName/Restart.cs: f4038f140f9e26ceb7931d56fcf7209d -> add66e6da873e366ed3518c440850d01
  custom:scripting/monoscript/fileName/MoveCamera.cs: 5f681b8b0e3ab502838e635f49c033f2 -> 403cfc71311e35fc8267157fec6d962f
  custom:CustomObjectIndexerAttribute: 756ad292c208cfabdd7b50bc23989ffe -> 
  custom:scripting/monoscript/fileName/PlayerManager.cs: 84ef0c7614d528361310460d29c55d5d -> fa278fc629bee650391d87d1007e9d4f
  custom:container-demuxer-webm: 4f35f7cbe854078d1ac9338744f61a02 -> 
  custom:scripting/monoscript/fileName/ViewManager.cs: 1fb9ce98786fdf226669ff67fda31e32 -> 16fc0fe828762faccb5bd455b83cd165
  custom:scripting/monoscript/fileName/LoadGameplay.cs: bfe3b105167df54892051ddb0f0b44d8 -> aad5b318aeaf7cab13dc7c7043703a47
  custom:container-muxer-webm: aa71ff27fc2769a1b78a27578f13a17b -> 
  custom:video-decoder-webm-vp8: 9c59270c3fd7afecdb556c50c9e8de78 -> 
  custom:scripting/monoscript/fileName/MainMenuView.cs: 897e03f9777e06433251eba469ad4b50 -> 2586d7dc20fddeeb79f875dc5dd67bdb
  custom:SearchIndexIgnoredProperties: e643bd26f0fe6173181afceb89e7c659 -> 
  custom:AudioImporter_EditorPlatform: d09bf68614088b80899f8185d706f6e7 -> 
  custom:scripting/monoscript/fileName/LoadMainMenu.cs: ee62a4a48c616ad0d60643da03e00d13 -> 1834e51d4d49419adf81aba1c1646dd4
  custom:scripting/monoscript/fileName/LoadMaze.cs: c0e53ea9c828aa255abc1a0fa98a38e3 -> 3ed56ba6b003ee5a14a23266fa47c780
  custom:video-encoder-webm-vp8: eb34c28f22e8b96e1ab97ce403110664 -> 
  custom:audio-decoder-ogg-vorbis: bf7c407c2cedff20999df2af8eb42d56 -> 
  custom:scripting/monoscript/fileName/PlayerMovement.cs: 5c1499cfc43e291157e191fb54bb34f9 -> 42480eed24e61f9d7e7e895933644f96
  custom:scripting/monoscript/fileName/SettingsMenuView.cs: f1368c662861e2aa180ecdfb6f383f06 -> b21bd698e08f70c3ba5112c700ca21e4
  custom:audio-encoder-webm-vorbis: bf7c407c2cedff20999df2af8eb42d56 -> 
  custom:scripting/monoscript/fileName/CharacterHealth.cs: 635520b8af0c6a3afa0c82bf1fca8182 -> 961c28a590a5e66731cf0f9ea60ff381
  custom:scripting/monoscript/fileName/View.cs: 0638d28d6248c8f2cdad874142fe3386 -> 6a1fe1aae5d92ee65d14bfc28da5504b
========================================================================
Received Prepare
Begin MonoManager ReloadAssembly
- Loaded All Assemblies, in  0.466 seconds
Refreshing native plugins compatible for Editor in 5.01 ms, found 3 plugins.
Native extension for WindowsStandalone target not found
[Package Manager] Server::EnsureServerProcessIsRunning -- launch failed, reason: Unity was launched with the -noUpm command-line argument
[Package Manager] UpmClient::Send -- Unable to send message (not connected to UPM process).
[Package Manager] Cannot connect to Unity Package Manager local server
Mono: successfully reloaded assembly
- Finished resetting the current domain, in  1.074 seconds
Domain Reload Profiling: 1535ms
	BeginReloadAssembly (165ms)
		ExecutionOrderSort (0ms)
		DisableScriptedObjects (6ms)
		BackupInstance (0ms)
		ReleaseScriptingObjects (0ms)
		CreateAndSetChildDomain (39ms)
	RebuildCommonClasses (35ms)
	RebuildNativeTypeToScriptingClass (17ms)
	initialDomainReloadingComplete (42ms)
	LoadAllAssembliesAndSetupDomain (202ms)
		LoadAssemblies (266ms)
		RebuildTransferFunctionScriptingTraits (0ms)
		AnalyzeDomain (15ms)
			TypeCache.Refresh (7ms)
				TypeCache.ScanAssembly (0ms)
			ScanForSourceGeneratedMonoScriptInfo (0ms)
			ResolveRequiredComponents (7ms)
	FinalizeReload (1075ms)
		ReleaseScriptCaches (0ms)
		RebuildScriptCaches (0ms)
		SetupLoadedEditorAssemblies (531ms)
			LogAssemblyErrors (0ms)
			InitializePlatformSupportModulesInManaged (7ms)
			SetLoadedEditorAssemblies (3ms)
			RefreshPlugins (0ms)
			BeforeProcessingInitializeOnLoad (67ms)
			ProcessInitializeOnLoadAttributes (416ms)
			ProcessInitializeOnLoadMethodAttributes (27ms)
			AfterProcessingInitializeOnLoad (11ms)
			EditorAssembliesLoaded (0ms)
		ExecutionOrderSort2 (0ms)
		AwakeInstancesAfterBackupRestoration (9ms)
Refreshing native plugins compatible for Editor in 3.72 ms, found 3 plugins.
Preloading 0 native plugins for Editor in 0.00 ms.
Unloading 3137 Unused Serialized files (Serialized files now loaded: 0)
Unloading 22 unused Assets / (30.7 KB). Loaded Objects now: 3648.
Memory consumption went from 116.4 MB to 116.4 MB.
Total: 2.867900 ms (FindLiveObjects: 0.211800 ms CreateObjectMapping: 0.099500 ms MarkObjects: 2.508000 ms  DeleteObjects: 0.047500 ms)

Prepare: number of updated asset objects reloaded= 0
AssetImportParameters requested are different than current active one (requested -> active):
  custom:container-demuxer-ogg: 62fdf1f143b41e24485cea50d1cbac27 -> 
  custom:scripting/monoscript/fileName/SoundManager.cs: 840c753ea222748db3b6d6106ce94b8b -> 97b8b7f19e31a376baf624982cbfe12a
  custom:video-codec-MediaFoundation-h265: 746d11721c4dcdbdad8f713fa42b33f4 -> 
  custom:video-decoder-ogg-theora: a1e56fd34408186e4bbccfd4996cb3dc -> 
  custom:framework-win-MediaFoundation: 216162199b28c13a410421893ffa2e32 -> 
  custom:scripting/monoscript/fileName/FootSteps.cs: 218c6080fee3ff94ba1700b95626917c -> ed410428969f078ecf3fe11eb0dc6215
  custom:scripting/monoscript/fileName/PlayerCam.cs: cb636300c7189d61a699107f19ac9c19 -> 2baf756480d7a3732f43ac30c19a37b9
  custom:scripting/monoscript/fileName/Restart.cs: f4038f140f9e26ceb7931d56fcf7209d -> add66e6da873e366ed3518c440850d01
  custom:scripting/monoscript/fileName/MoveCamera.cs: 5f681b8b0e3ab502838e635f49c033f2 -> 403cfc71311e35fc8267157fec6d962f
  custom:CustomObjectIndexerAttribute: 756ad292c208cfabdd7b50bc23989ffe -> 
  custom:scripting/monoscript/fileName/PlayerManager.cs: 84ef0c7614d528361310460d29c55d5d -> fa278fc629bee650391d87d1007e9d4f
  custom:container-demuxer-webm: 4f35f7cbe854078d1ac9338744f61a02 -> 
  custom:scripting/monoscript/fileName/ViewManager.cs: 1fb9ce98786fdf226669ff67fda31e32 -> 16fc0fe828762faccb5bd455b83cd165
  custom:scripting/monoscript/fileName/LoadGameplay.cs: bfe3b105167df54892051ddb0f0b44d8 -> aad5b318aeaf7cab13dc7c7043703a47
  custom:container-muxer-webm: aa71ff27fc2769a1b78a27578f13a17b -> 
  custom:video-decoder-webm-vp8: 9c59270c3fd7afecdb556c50c9e8de78 -> 
  custom:scripting/monoscript/fileName/MainMenuView.cs: 897e03f9777e06433251eba469ad4b50 -> 2586d7dc20fddeeb79f875dc5dd67bdb
  custom:SearchIndexIgnoredProperties: e643bd26f0fe6173181afceb89e7c659 -> 
  custom:AudioImporter_EditorPlatform: d09bf68614088b80899f8185d706f6e7 -> 
  custom:scripting/monoscript/fileName/LoadMainMenu.cs: ee62a4a48c616ad0d60643da03e00d13 -> 1834e51d4d49419adf81aba1c1646dd4
  custom:scripting/monoscript/fileName/LoadMaze.cs: c0e53ea9c828aa255abc1a0fa98a38e3 -> 3ed56ba6b003ee5a14a23266fa47c780
  custom:video-encoder-webm-vp8: eb34c28f22e8b96e1ab97ce403110664 -> 
  custom:audio-decoder-ogg-vorbis: bf7c407c2cedff20999df2af8eb42d56 -> 
  custom:scripting/monoscript/fileName/PlayerMovement.cs: 5c1499cfc43e291157e191fb54bb34f9 -> 42480eed24e61f9d7e7e895933644f96
  custom:scripting/monoscript/fileName/SettingsMenuView.cs: f1368c662861e2aa180ecdfb6f383f06 -> b21bd698e08f70c3ba5112c700ca21e4
  custom:audio-encoder-webm-vorbis: bf7c407c2cedff20999df2af8eb42d56 -> 
  custom:scripting/monoscript/fileName/CharacterHealth.cs: 635520b8af0c6a3afa0c82bf1fca8182 -> 961c28a590a5e66731cf0f9ea60ff381
  custom:scripting/monoscript/fileName/View.cs: 0638d28d6248c8f2cdad874142fe3386 -> 6a1fe1aae5d92ee65d14bfc28da5504b
========================================================================
Received Prepare
Begin MonoManager ReloadAssembly
- Loaded All Assemblies, in  0.490 seconds
Refreshing native plugins compatible for Editor in 3.02 ms, found 3 plugins.
Native extension for WindowsStandalone target not found
[Package Manager] Server::EnsureServerProcessIsRunning -- launch failed, reason: Unity was launched with the -noUpm command-line argument
[Package Manager] UpmClient::Send -- Unable to send message (not connected to UPM process).
[Package Manager] Cannot connect to Unity Package Manager local server
Mono: successfully reloaded assembly
- Finished resetting the current domain, in  1.029 seconds
Domain Reload Profiling: 1515ms
	BeginReloadAssembly (168ms)
		ExecutionOrderSort (0ms)
		DisableScriptedObjects (6ms)
		BackupInstance (0ms)
		ReleaseScriptingObjects (0ms)
		CreateAndSetChildDomain (39ms)
	RebuildCommonClasses (28ms)
	RebuildNativeTypeToScriptingClass (10ms)
	initialDomainReloadingComplete (32ms)
	LoadAllAssembliesAndSetupDomain (247ms)
		LoadAssemblies (313ms)
		RebuildTransferFunctionScriptingTraits (0ms)
		AnalyzeDomain (20ms)
			TypeCache.Refresh (9ms)
				TypeCache.ScanAssembly (1ms)
			ScanForSourceGeneratedMonoScriptInfo (6ms)
			ResolveRequiredComponents (4ms)
	FinalizeReload (1030ms)
		ReleaseScriptCaches (0ms)
		RebuildScriptCaches (0ms)
		SetupLoadedEditorAssemblies (463ms)
			LogAssemblyErrors (0ms)
			InitializePlatformSupportModulesInManaged (5ms)
			SetLoadedEditorAssemblies (3ms)
			RefreshPlugins (0ms)
			BeforeProcessingInitializeOnLoad (64ms)
			ProcessInitializeOnLoadAttributes (358ms)
			ProcessInitializeOnLoadMethodAttributes (21ms)
			AfterProcessingInitializeOnLoad (10ms)
			EditorAssembliesLoaded (0ms)
		ExecutionOrderSort2 (0ms)
		AwakeInstancesAfterBackupRestoration (9ms)
Refreshing native plugins compatible for Editor in 5.12 ms, found 3 plugins.
Preloading 0 native plugins for Editor in 0.00 ms.
Unloading 3137 Unused Serialized files (Serialized files now loaded: 0)
Unloading 22 unused Assets / (30.6 KB). Loaded Objects now: 3651.
Memory consumption went from 116.4 MB to 116.4 MB.
Total: 3.322900 ms (FindLiveObjects: 0.241400 ms CreateObjectMapping: 0.161300 ms MarkObjects: 2.879400 ms  DeleteObjects: 0.039600 ms)

Prepare: number of updated asset objects reloaded= 0
AssetImportParameters requested are different than current active one (requested -> active):
  custom:container-demuxer-ogg: 62fdf1f143b41e24485cea50d1cbac27 -> 
  custom:scripting/monoscript/fileName/SoundManager.cs: 840c753ea222748db3b6d6106ce94b8b -> 97b8b7f19e31a376baf624982cbfe12a
  custom:video-codec-MediaFoundation-h265: 746d11721c4dcdbdad8f713fa42b33f4 -> 
  custom:video-decoder-ogg-theora: a1e56fd34408186e4bbccfd4996cb3dc -> 
  custom:framework-win-MediaFoundation: 216162199b28c13a410421893ffa2e32 -> 
  custom:scripting/monoscript/fileName/FootSteps.cs: 218c6080fee3ff94ba1700b95626917c -> ed410428969f078ecf3fe11eb0dc6215
  custom:scripting/monoscript/fileName/PlayerCam.cs: cb636300c7189d61a699107f19ac9c19 -> 2baf756480d7a3732f43ac30c19a37b9
  custom:scripting/monoscript/fileName/Restart.cs: f4038f140f9e26ceb7931d56fcf7209d -> add66e6da873e366ed3518c440850d01
  custom:scripting/monoscript/fileName/MoveCamera.cs: 5f681b8b0e3ab502838e635f49c033f2 -> 403cfc71311e35fc8267157fec6d962f
  custom:CustomObjectIndexerAttribute: 756ad292c208cfabdd7b50bc23989ffe -> 
  custom:scripting/monoscript/fileName/PlayerManager.cs: 84ef0c7614d528361310460d29c55d5d -> fa278fc629bee650391d87d1007e9d4f
  custom:container-demuxer-webm: 4f35f7cbe854078d1ac9338744f61a02 -> 
  custom:scripting/monoscript/fileName/ViewManager.cs: 1fb9ce98786fdf226669ff67fda31e32 -> 16fc0fe828762faccb5bd455b83cd165
  custom:scripting/monoscript/fileName/LoadGameplay.cs: bfe3b105167df54892051ddb0f0b44d8 -> aad5b318aeaf7cab13dc7c7043703a47
  custom:container-muxer-webm: aa71ff27fc2769a1b78a27578f13a17b -> 
  custom:video-decoder-webm-vp8: 9c59270c3fd7afecdb556c50c9e8de78 -> 
  custom:scripting/monoscript/fileName/MainMenuView.cs: 897e03f9777e06433251eba469ad4b50 -> 2586d7dc20fddeeb79f875dc5dd67bdb
  custom:SearchIndexIgnoredProperties: e643bd26f0fe6173181afceb89e7c659 -> 
  custom:AudioImporter_EditorPlatform: d09bf68614088b80899f8185d706f6e7 -> 
  custom:scripting/monoscript/fileName/LoadMainMenu.cs: ee62a4a48c616ad0d60643da03e00d13 -> 1834e51d4d49419adf81aba1c1646dd4
  custom:scripting/monoscript/fileName/LoadMaze.cs: c0e53ea9c828aa255abc1a0fa98a38e3 -> 3ed56ba6b003ee5a14a23266fa47c780
  custom:video-encoder-webm-vp8: eb34c28f22e8b96e1ab97ce403110664 -> 
  custom:audio-decoder-ogg-vorbis: bf7c407c2cedff20999df2af8eb42d56 -> 
  custom:scripting/monoscript/fileName/PlayerMovement.cs: 5c1499cfc43e291157e191fb54bb34f9 -> 42480eed24e61f9d7e7e895933644f96
  custom:scripting/monoscript/fileName/SettingsMenuView.cs: f1368c662861e2aa180ecdfb6f383f06 -> b21bd698e08f70c3ba5112c700ca21e4
  custom:audio-encoder-webm-vorbis: bf7c407c2cedff20999df2af8eb42d56 -> 
  custom:scripting/monoscript/fileName/CharacterHealth.cs: 635520b8af0c6a3afa0c82bf1fca8182 -> 961c28a590a5e66731cf0f9ea60ff381
  custom:scripting/monoscript/fileName/View.cs: 0638d28d6248c8f2cdad874142fe3386 -> 6a1fe1aae5d92ee65d14bfc28da5504b
========================================================================
Received Prepare
Begin MonoManager ReloadAssembly
- Loaded All Assemblies, in  0.387 seconds
Refreshing native plugins compatible for Editor in 3.18 ms, found 3 plugins.
Native extension for WindowsStandalone target not found
[Package Manager] Server::EnsureServerProcessIsRunning -- launch failed, reason: Unity was launched with the -noUpm command-line argument
[Package Manager] UpmClient::Send -- Unable to send message (not connected to UPM process).
[Package Manager] Cannot connect to Unity Package Manager local server
Mono: successfully reloaded assembly
- Finished resetting the current domain, in  0.970 seconds
Domain Reload Profiling: 1352ms
	BeginReloadAssembly (136ms)
		ExecutionOrderSort (0ms)
		DisableScriptedObjects (4ms)
		BackupInstance (0ms)
		ReleaseScriptingObjects (0ms)
		CreateAndSetChildDomain (29ms)
	RebuildCommonClasses (29ms)
	RebuildNativeTypeToScriptingClass (10ms)
	initialDomainReloadingComplete (26ms)
	LoadAllAssembliesAndSetupDomain (182ms)
		LoadAssemblies (245ms)
		RebuildTransferFunctionScriptingTraits (0ms)
		AnalyzeDomain (10ms)
			TypeCache.Refresh (5ms)
				TypeCache.ScanAssembly (0ms)
			ScanForSourceGeneratedMonoScriptInfo (0ms)
			ResolveRequiredComponents (4ms)
	FinalizeReload (970ms)
		ReleaseScriptCaches (0ms)
		RebuildScriptCaches (0ms)
		SetupLoadedEditorAssemblies (433ms)
			LogAssemblyErrors (0ms)
			InitializePlatformSupportModulesInManaged (6ms)
			SetLoadedEditorAssemblies (3ms)
			RefreshPlugins (0ms)
			BeforeProcessingInitializeOnLoad (60ms)
			ProcessInitializeOnLoadAttributes (337ms)
			ProcessInitializeOnLoadMethodAttributes (19ms)
			AfterProcessingInitializeOnLoad (8ms)
			EditorAssembliesLoaded (0ms)
		ExecutionOrderSort2 (0ms)
		AwakeInstancesAfterBackupRestoration (6ms)
Refreshing native plugins compatible for Editor in 3.80 ms, found 3 plugins.
Preloading 0 native plugins for Editor in 0.00 ms.
Unloading 3137 Unused Serialized files (Serialized files now loaded: 0)
Unloading 22 unused Assets / (30.6 KB). Loaded Objects now: 3654.
Memory consumption went from 116.4 MB to 116.4 MB.
Total: 2.820600 ms (FindLiveObjects: 0.207300 ms CreateObjectMapping: 0.093700 ms MarkObjects: 2.469600 ms  DeleteObjects: 0.048900 ms)

Prepare: number of updated asset objects reloaded= 0
AssetImportParameters requested are different than current active one (requested -> active):
  custom:container-demuxer-ogg: 62fdf1f143b41e24485cea50d1cbac27 -> 
  custom:scripting/monoscript/fileName/SoundManager.cs: 840c753ea222748db3b6d6106ce94b8b -> 97b8b7f19e31a376baf624982cbfe12a
  custom:video-codec-MediaFoundation-h265: 746d11721c4dcdbdad8f713fa42b33f4 -> 
  custom:video-decoder-ogg-theora: a1e56fd34408186e4bbccfd4996cb3dc -> 
  custom:framework-win-MediaFoundation: 216162199b28c13a410421893ffa2e32 -> 
  custom:scripting/monoscript/fileName/FootSteps.cs: 218c6080fee3ff94ba1700b95626917c -> ed410428969f078ecf3fe11eb0dc6215
  custom:scripting/monoscript/fileName/PlayerCam.cs: cb636300c7189d61a699107f19ac9c19 -> 2baf756480d7a3732f43ac30c19a37b9
  custom:scripting/monoscript/fileName/Restart.cs: f4038f140f9e26ceb7931d56fcf7209d -> add66e6da873e366ed3518c440850d01
  custom:scripting/monoscript/fileName/MoveCamera.cs: 5f681b8b0e3ab502838e635f49c033f2 -> 403cfc71311e35fc8267157fec6d962f
  custom:CustomObjectIndexerAttribute: 756ad292c208cfabdd7b50bc23989ffe -> 
  custom:scripting/monoscript/fileName/PlayerManager.cs: 84ef0c7614d528361310460d29c55d5d -> fa278fc629bee650391d87d1007e9d4f
  custom:container-demuxer-webm: 4f35f7cbe854078d1ac9338744f61a02 -> 
  custom:scripting/monoscript/fileName/ViewManager.cs: 1fb9ce98786fdf226669ff67fda31e32 -> 16fc0fe828762faccb5bd455b83cd165
  custom:scripting/monoscript/fileName/LoadGameplay.cs: bfe3b105167df54892051ddb0f0b44d8 -> aad5b318aeaf7cab13dc7c7043703a47
  custom:container-muxer-webm: aa71ff27fc2769a1b78a27578f13a17b -> 
  custom:video-decoder-webm-vp8: 9c59270c3fd7afecdb556c50c9e8de78 -> 
  custom:scripting/monoscript/fileName/MainMenuView.cs: 897e03f9777e06433251eba469ad4b50 -> 2586d7dc20fddeeb79f875dc5dd67bdb
  custom:SearchIndexIgnoredProperties: e643bd26f0fe6173181afceb89e7c659 -> 
  custom:AudioImporter_EditorPlatform: d09bf68614088b80899f8185d706f6e7 -> 
  custom:scripting/monoscript/fileName/LoadMainMenu.cs: ee62a4a48c616ad0d60643da03e00d13 -> 1834e51d4d49419adf81aba1c1646dd4
  custom:scripting/monoscript/fileName/LoadMaze.cs: c0e53ea9c828aa255abc1a0fa98a38e3 -> 3ed56ba6b003ee5a14a23266fa47c780
  custom:video-encoder-webm-vp8: eb34c28f22e8b96e1ab97ce403110664 -> 
  custom:audio-decoder-ogg-vorbis: bf7c407c2cedff20999df2af8eb42d56 -> 
  custom:scripting/monoscript/fileName/PlayerMovement.cs: 5c1499cfc43e291157e191fb54bb34f9 -> 42480eed24e61f9d7e7e895933644f96
  custom:scripting/monoscript/fileName/SettingsMenuView.cs: f1368c662861e2aa180ecdfb6f383f06 -> b21bd698e08f70c3ba5112c700ca21e4
  custom:audio-encoder-webm-vorbis: bf7c407c2cedff20999df2af8eb42d56 -> 
  custom:scripting/monoscript/fileName/CharacterHealth.cs: 635520b8af0c6a3afa0c82bf1fca8182 -> 961c28a590a5e66731cf0f9ea60ff381
  custom:scripting/monoscript/fileName/View.cs: 0638d28d6248c8f2cdad874142fe3386 -> 6a1fe1aae5d92ee65d14bfc28da5504b
========================================================================
Received Prepare
Begin MonoManager ReloadAssembly
- Loaded All Assemblies, in  0.496 seconds
Refreshing native plugins compatible for Editor in 5.38 ms, found 3 plugins.
Native extension for WindowsStandalone target not found
[Package Manager] Server::EnsureServerProcessIsRunning -- launch failed, reason: Unity was launched with the -noUpm command-line argument
[Package Manager] UpmClient::Send -- Unable to send message (not connected to UPM process).
[Package Manager] Cannot connect to Unity Package Manager local server
Mono: successfully reloaded assembly
- Finished resetting the current domain, in  1.287 seconds
Domain Reload Profiling: 1779ms
	BeginReloadAssembly (172ms)
		ExecutionOrderSort (0ms)
		DisableScriptedObjects (4ms)
		BackupInstance (0ms)
		ReleaseScriptingObjects (0ms)
		CreateAndSetChildDomain (36ms)
	RebuildCommonClasses (34ms)
	RebuildNativeTypeToScriptingClass (10ms)
	initialDomainReloadingComplete (30ms)
	LoadAllAssembliesAndSetupDomain (245ms)
		LoadAssemblies (315ms)
		RebuildTransferFunctionScriptingTraits (0ms)
		AnalyzeDomain (29ms)
			TypeCache.Refresh (12ms)
				TypeCache.ScanAssembly (1ms)
			ScanForSourceGeneratedMonoScriptInfo (9ms)
			ResolveRequiredComponents (6ms)
	FinalizeReload (1288ms)
		ReleaseScriptCaches (0ms)
		RebuildScriptCaches (0ms)
		SetupLoadedEditorAssemblies (527ms)
			LogAssemblyErrors (0ms)
			InitializePlatformSupportModulesInManaged (7ms)
			SetLoadedEditorAssemblies (4ms)
			RefreshPlugins (0ms)
			BeforeProcessingInitializeOnLoad (80ms)
			ProcessInitializeOnLoadAttributes (411ms)
			ProcessInitializeOnLoadMethodAttributes (17ms)
			AfterProcessingInitializeOnLoad (7ms)
			EditorAssembliesLoaded (0ms)
		ExecutionOrderSort2 (0ms)
		AwakeInstancesAfterBackupRestoration (6ms)
Refreshing native plugins compatible for Editor in 3.92 ms, found 3 plugins.
Preloading 0 native plugins for Editor in 0.00 ms.
Unloading 3137 Unused Serialized files (Serialized files now loaded: 0)
Unloading 22 unused Assets / (30.6 KB). Loaded Objects now: 3657.
Memory consumption went from 116.4 MB to 116.4 MB.
Total: 2.892300 ms (FindLiveObjects: 0.183000 ms CreateObjectMapping: 0.110900 ms MarkObjects: 2.554800 ms  DeleteObjects: 0.042200 ms)

Prepare: number of updated asset objects reloaded= 0
AssetImportParameters requested are different than current active one (requested -> active):
  custom:container-demuxer-ogg: 62fdf1f143b41e24485cea50d1cbac27 -> 
  custom:scripting/monoscript/fileName/SoundManager.cs: 840c753ea222748db3b6d6106ce94b8b -> 97b8b7f19e31a376baf624982cbfe12a
  custom:video-codec-MediaFoundation-h265: 746d11721c4dcdbdad8f713fa42b33f4 -> 
  custom:video-decoder-ogg-theora: a1e56fd34408186e4bbccfd4996cb3dc -> 
  custom:framework-win-MediaFoundation: 216162199b28c13a410421893ffa2e32 -> 
  custom:scripting/monoscript/fileName/FootSteps.cs: 218c6080fee3ff94ba1700b95626917c -> ed410428969f078ecf3fe11eb0dc6215
  custom:scripting/monoscript/fileName/PlayerCam.cs: cb636300c7189d61a699107f19ac9c19 -> 2baf756480d7a3732f43ac30c19a37b9
  custom:scripting/monoscript/fileName/Restart.cs: f4038f140f9e26ceb7931d56fcf7209d -> add66e6da873e366ed3518c440850d01
  custom:scripting/monoscript/fileName/MoveCamera.cs: 5f681b8b0e3ab502838e635f49c033f2 -> 403cfc71311e35fc8267157fec6d962f
  custom:CustomObjectIndexerAttribute: 756ad292c208cfabdd7b50bc23989ffe -> 
  custom:scripting/monoscript/fileName/PlayerManager.cs: 84ef0c7614d528361310460d29c55d5d -> fa278fc629bee650391d87d1007e9d4f
  custom:container-demuxer-webm: 4f35f7cbe854078d1ac9338744f61a02 -> 
  custom:scripting/monoscript/fileName/ViewManager.cs: 1fb9ce98786fdf226669ff67fda31e32 -> 16fc0fe828762faccb5bd455b83cd165
  custom:scripting/monoscript/fileName/LoadGameplay.cs: bfe3b105167df54892051ddb0f0b44d8 -> aad5b318aeaf7cab13dc7c7043703a47
  custom:container-muxer-webm: aa71ff27fc2769a1b78a27578f13a17b -> 
  custom:video-decoder-webm-vp8: 9c59270c3fd7afecdb556c50c9e8de78 -> 
  custom:scripting/monoscript/fileName/MainMenuView.cs: 897e03f9777e06433251eba469ad4b50 -> 2586d7dc20fddeeb79f875dc5dd67bdb
  custom:SearchIndexIgnoredProperties: e643bd26f0fe6173181afceb89e7c659 -> 
  custom:AudioImporter_EditorPlatform: d09bf68614088b80899f8185d706f6e7 -> 
  custom:scripting/monoscript/fileName/LoadMainMenu.cs: ee62a4a48c616ad0d60643da03e00d13 -> 1834e51d4d49419adf81aba1c1646dd4
  custom:scripting/monoscript/fileName/LoadMaze.cs: c0e53ea9c828aa255abc1a0fa98a38e3 -> 3ed56ba6b003ee5a14a23266fa47c780
  custom:video-encoder-webm-vp8: eb34c28f22e8b96e1ab97ce403110664 -> 
  custom:audio-decoder-ogg-vorbis: bf7c407c2cedff20999df2af8eb42d56 -> 
  custom:scripting/monoscript/fileName/PlayerMovement.cs: 5c1499cfc43e291157e191fb54bb34f9 -> 42480eed24e61f9d7e7e895933644f96
  custom:scripting/monoscript/fileName/SettingsMenuView.cs: f1368c662861e2aa180ecdfb6f383f06 -> b21bd698e08f70c3ba5112c700ca21e4
  custom:audio-encoder-webm-vorbis: bf7c407c2cedff20999df2af8eb42d56 -> 
  custom:scripting/monoscript/fileName/CharacterHealth.cs: 635520b8af0c6a3afa0c82bf1fca8182 -> 961c28a590a5e66731cf0f9ea60ff381
  custom:scripting/monoscript/fileName/View.cs: 0638d28d6248c8f2cdad874142fe3386 -> 6a1fe1aae5d92ee65d14bfc28da5504b
========================================================================
Received Import Request.
  Time since last request: 207.919601 seconds.
  path: Assets/Scripts/Items/Fruit.cs
  artifactKey: Guid(ecfa9f8b0a20cdb4e8a748807e393f6d) Importer(815301076,1909f56bfc062723c751e8b465ee728b)
Start importing Assets/Scripts/Items/Fruit.cs using Guid(ecfa9f8b0a20cdb4e8a748807e393f6d) Importer(815301076,1909f56bfc062723c751e8b465ee728b)  -> (artifact id: '12857526c8fc2fff12f3a52c6635ae6e') in 0.003112 seconds
Number of updated asset objects reloaded before import = 0
Number of asset objects unloaded after import = 0
========================================================================
Received Import Request.
  Time since last request: 4.465756 seconds.
  path: Assets/Scripts/Menus & Managers/ScoreManager.cs
  artifactKey: Guid(4c0df5305adbd9749bbfbf707deeb154) Importer(815301076,1909f56bfc062723c751e8b465ee728b)
Start importing Assets/Scripts/Menus & Managers/ScoreManager.cs using Guid(4c0df5305adbd9749bbfbf707deeb154) Importer(815301076,1909f56bfc062723c751e8b465ee728b)  -> (artifact id: 'b326b01c2eddbca971bbaf4069a408a7') in 0.000516 seconds
Number of updated asset objects reloaded before import = 0
Number of asset objects unloaded after import = 0
========================================================================
Received Prepare
Begin MonoManager ReloadAssembly
- Loaded All Assemblies, in  0.518 seconds
Refreshing native plugins compatible for Editor in 5.67 ms, found 3 plugins.
Native extension for WindowsStandalone target not found
[Package Manager] Server::EnsureServerProcessIsRunning -- launch failed, reason: Unity was launched with the -noUpm command-line argument
[Package Manager] UpmClient::Send -- Unable to send message (not connected to UPM process).
[Package Manager] Cannot connect to Unity Package Manager local server
Mono: successfully reloaded assembly
- Finished resetting the current domain, in  1.097 seconds
Domain Reload Profiling: 1607ms
	BeginReloadAssembly (169ms)
		ExecutionOrderSort (0ms)
		DisableScriptedObjects (5ms)
		BackupInstance (0ms)
		ReleaseScriptingObjects (0ms)
		CreateAndSetChildDomain (40ms)
	RebuildCommonClasses (32ms)
	RebuildNativeTypeToScriptingClass (9ms)
	initialDomainReloadingComplete (43ms)
	LoadAllAssembliesAndSetupDomain (256ms)
		LoadAssemblies (320ms)
		RebuildTransferFunctionScriptingTraits (0ms)
		AnalyzeDomain (23ms)
			TypeCache.Refresh (10ms)
				TypeCache.ScanAssembly (1ms)
			ScanForSourceGeneratedMonoScriptInfo (8ms)
			ResolveRequiredComponents (4ms)
	FinalizeReload (1098ms)
		ReleaseScriptCaches (0ms)
		RebuildScriptCaches (0ms)
		SetupLoadedEditorAssemblies (493ms)
			LogAssemblyErrors (0ms)
			InitializePlatformSupportModulesInManaged (8ms)
			SetLoadedEditorAssemblies (4ms)
			RefreshPlugins (0ms)
			BeforeProcessingInitializeOnLoad (63ms)
			ProcessInitializeOnLoadAttributes (388ms)
			ProcessInitializeOnLoadMethodAttributes (23ms)
			AfterProcessingInitializeOnLoad (7ms)
			EditorAssembliesLoaded (0ms)
		ExecutionOrderSort2 (0ms)
		AwakeInstancesAfterBackupRestoration (5ms)
Refreshing native plugins compatible for Editor in 5.55 ms, found 3 plugins.
Preloading 0 native plugins for Editor in 0.00 ms.
Unloading 3136 Unused Serialized files (Serialized files now loaded: 0)
Unloading 22 unused Assets / (30.6 KB). Loaded Objects now: 3660.
Memory consumption went from 116.1 MB to 116.1 MB.
Total: 3.434500 ms (FindLiveObjects: 0.316100 ms CreateObjectMapping: 0.157000 ms MarkObjects: 2.910100 ms  DeleteObjects: 0.049600 ms)

Prepare: number of updated asset objects reloaded= 0
AssetImportParameters requested are different than current active one (requested -> active):
  custom:container-demuxer-ogg: 62fdf1f143b41e24485cea50d1cbac27 -> 
  custom:scripting/monoscript/fileName/SoundManager.cs: 840c753ea222748db3b6d6106ce94b8b -> 97b8b7f19e31a376baf624982cbfe12a
  custom:video-codec-MediaFoundation-h265: 746d11721c4dcdbdad8f713fa42b33f4 -> 
  custom:video-decoder-ogg-theora: a1e56fd34408186e4bbccfd4996cb3dc -> 
  custom:framework-win-MediaFoundation: 216162199b28c13a410421893ffa2e32 -> 
  custom:scripting/monoscript/fileName/FootSteps.cs: 218c6080fee3ff94ba1700b95626917c -> ed410428969f078ecf3fe11eb0dc6215
  custom:scripting/monoscript/fileName/PlayerCam.cs: cb636300c7189d61a699107f19ac9c19 -> 2baf756480d7a3732f43ac30c19a37b9
  custom:scripting/monoscript/fileName/Restart.cs: f4038f140f9e26ceb7931d56fcf7209d -> add66e6da873e366ed3518c440850d01
  custom:scripting/monoscript/fileName/MoveCamera.cs: 5f681b8b0e3ab502838e635f49c033f2 -> 403cfc71311e35fc8267157fec6d962f
  custom:CustomObjectIndexerAttribute: 756ad292c208cfabdd7b50bc23989ffe -> 
  custom:scripting/monoscript/fileName/PlayerManager.cs: 84ef0c7614d528361310460d29c55d5d -> fa278fc629bee650391d87d1007e9d4f
  custom:container-demuxer-webm: 4f35f7cbe854078d1ac9338744f61a02 -> 
  custom:scripting/monoscript/fileName/ViewManager.cs: 1fb9ce98786fdf226669ff67fda31e32 -> 16fc0fe828762faccb5bd455b83cd165
  custom:scripting/monoscript/fileName/LoadGameplay.cs: bfe3b105167df54892051ddb0f0b44d8 -> aad5b318aeaf7cab13dc7c7043703a47
  custom:container-muxer-webm: aa71ff27fc2769a1b78a27578f13a17b -> 
  custom:video-decoder-webm-vp8: 9c59270c3fd7afecdb556c50c9e8de78 -> 
  custom:scripting/monoscript/fileName/MainMenuView.cs: 897e03f9777e06433251eba469ad4b50 -> 2586d7dc20fddeeb79f875dc5dd67bdb
  custom:SearchIndexIgnoredProperties: e643bd26f0fe6173181afceb89e7c659 -> 
  custom:AudioImporter_EditorPlatform: d09bf68614088b80899f8185d706f6e7 -> 
  custom:scripting/monoscript/fileName/LoadMainMenu.cs: ee62a4a48c616ad0d60643da03e00d13 -> 1834e51d4d49419adf81aba1c1646dd4
  custom:scripting/monoscript/fileName/LoadMaze.cs: c0e53ea9c828aa255abc1a0fa98a38e3 -> 3ed56ba6b003ee5a14a23266fa47c780
  custom:video-encoder-webm-vp8: eb34c28f22e8b96e1ab97ce403110664 -> 
  custom:audio-decoder-ogg-vorbis: bf7c407c2cedff20999df2af8eb42d56 -> 
  custom:scripting/monoscript/fileName/PlayerMovement.cs: 5c1499cfc43e291157e191fb54bb34f9 -> 42480eed24e61f9d7e7e895933644f96
  custom:scripting/monoscript/fileName/SettingsMenuView.cs: f1368c662861e2aa180ecdfb6f383f06 -> b21bd698e08f70c3ba5112c700ca21e4
  custom:audio-encoder-webm-vorbis: bf7c407c2cedff20999df2af8eb42d56 -> 
  custom:scripting/monoscript/fileName/CharacterHealth.cs: 635520b8af0c6a3afa0c82bf1fca8182 -> 961c28a590a5e66731cf0f9ea60ff381
  custom:scripting/monoscript/fileName/View.cs: 0638d28d6248c8f2cdad874142fe3386 -> 6a1fe1aae5d92ee65d14bfc28da5504b
========================================================================
Received Prepare
Begin MonoManager ReloadAssembly
- Loaded All Assemblies, in  0.380 seconds
Refreshing native plugins compatible for Editor in 3.49 ms, found 3 plugins.
Native extension for WindowsStandalone target not found
[Package Manager] Server::EnsureServerProcessIsRunning -- launch failed, reason: Unity was launched with the -noUpm command-line argument
[Package Manager] UpmClient::Send -- Unable to send message (not connected to UPM process).
[Package Manager] Cannot connect to Unity Package Manager local server
Mono: successfully reloaded assembly
- Finished resetting the current domain, in  0.963 seconds
Domain Reload Profiling: 1338ms
	BeginReloadAssembly (135ms)
		ExecutionOrderSort (0ms)
		DisableScriptedObjects (4ms)
		BackupInstance (0ms)
		ReleaseScriptingObjects (0ms)
		CreateAndSetChildDomain (29ms)
	RebuildCommonClasses (29ms)
	RebuildNativeTypeToScriptingClass (9ms)
	initialDomainReloadingComplete (27ms)
	LoadAllAssembliesAndSetupDomain (175ms)
		LoadAssemblies (237ms)
		RebuildTransferFunctionScriptingTraits (0ms)
		AnalyzeDomain (10ms)
			TypeCache.Refresh (5ms)
				TypeCache.ScanAssembly (0ms)
			ScanForSourceGeneratedMonoScriptInfo (0ms)
			ResolveRequiredComponents (4ms)
	FinalizeReload (963ms)
		ReleaseScriptCaches (0ms)
		RebuildScriptCaches (0ms)
		SetupLoadedEditorAssemblies (449ms)
			LogAssemblyErrors (0ms)
			InitializePlatformSupportModulesInManaged (7ms)
			SetLoadedEditorAssemblies (3ms)
			RefreshPlugins (0ms)
			BeforeProcessingInitializeOnLoad (72ms)
			ProcessInitializeOnLoadAttributes (340ms)
			ProcessInitializeOnLoadMethodAttributes (20ms)
			AfterProcessingInitializeOnLoad (7ms)
			EditorAssembliesLoaded (0ms)
		ExecutionOrderSort2 (0ms)
		AwakeInstancesAfterBackupRestoration (6ms)
Refreshing native plugins compatible for Editor in 3.56 ms, found 3 plugins.
Preloading 0 native plugins for Editor in 0.00 ms.
Unloading 3137 Unused Serialized files (Serialized files now loaded: 0)
Unloading 22 unused Assets / (30.6 KB). Loaded Objects now: 3663.
Memory consumption went from 116.4 MB to 116.4 MB.
Total: 3.008100 ms (FindLiveObjects: 0.236300 ms CreateObjectMapping: 0.104000 ms MarkObjects: 2.610200 ms  DeleteObjects: 0.055600 ms)

Prepare: number of updated asset objects reloaded= 0
AssetImportParameters requested are different than current active one (requested -> active):
  custom:container-demuxer-ogg: 62fdf1f143b41e24485cea50d1cbac27 -> 
  custom:scripting/monoscript/fileName/SoundManager.cs: 840c753ea222748db3b6d6106ce94b8b -> 97b8b7f19e31a376baf624982cbfe12a
  custom:video-codec-MediaFoundation-h265: 746d11721c4dcdbdad8f713fa42b33f4 -> 
  custom:video-decoder-ogg-theora: a1e56fd34408186e4bbccfd4996cb3dc -> 
  custom:framework-win-MediaFoundation: 216162199b28c13a410421893ffa2e32 -> 
  custom:scripting/monoscript/fileName/FootSteps.cs: 218c6080fee3ff94ba1700b95626917c -> ed410428969f078ecf3fe11eb0dc6215
  custom:scripting/monoscript/fileName/PlayerCam.cs: cb636300c7189d61a699107f19ac9c19 -> 2baf756480d7a3732f43ac30c19a37b9
  custom:scripting/monoscript/fileName/Restart.cs: f4038f140f9e26ceb7931d56fcf7209d -> add66e6da873e366ed3518c440850d01
  custom:scripting/monoscript/fileName/MoveCamera.cs: 5f681b8b0e3ab502838e635f49c033f2 -> 403cfc71311e35fc8267157fec6d962f
  custom:CustomObjectIndexerAttribute: 756ad292c208cfabdd7b50bc23989ffe -> 
  custom:scripting/monoscript/fileName/PlayerManager.cs: 84ef0c7614d528361310460d29c55d5d -> fa278fc629bee650391d87d1007e9d4f
  custom:container-demuxer-webm: 4f35f7cbe854078d1ac9338744f61a02 -> 
  custom:scripting/monoscript/fileName/ViewManager.cs: 1fb9ce98786fdf226669ff67fda31e32 -> 16fc0fe828762faccb5bd455b83cd165
  custom:scripting/monoscript/fileName/LoadGameplay.cs: bfe3b105167df54892051ddb0f0b44d8 -> aad5b318aeaf7cab13dc7c7043703a47
  custom:container-muxer-webm: aa71ff27fc2769a1b78a27578f13a17b -> 
  custom:video-decoder-webm-vp8: 9c59270c3fd7afecdb556c50c9e8de78 -> 
  custom:scripting/monoscript/fileName/MainMenuView.cs: 897e03f9777e06433251eba469ad4b50 -> 2586d7dc20fddeeb79f875dc5dd67bdb
  custom:SearchIndexIgnoredProperties: e643bd26f0fe6173181afceb89e7c659 -> 
  custom:AudioImporter_EditorPlatform: d09bf68614088b80899f8185d706f6e7 -> 
  custom:scripting/monoscript/fileName/LoadMainMenu.cs: ee62a4a48c616ad0d60643da03e00d13 -> 1834e51d4d49419adf81aba1c1646dd4
  custom:scripting/monoscript/fileName/LoadMaze.cs: c0e53ea9c828aa255abc1a0fa98a38e3 -> 3ed56ba6b003ee5a14a23266fa47c780
  custom:video-encoder-webm-vp8: eb34c28f22e8b96e1ab97ce403110664 -> 
  custom:audio-decoder-ogg-vorbis: bf7c407c2cedff20999df2af8eb42d56 -> 
  custom:scripting/monoscript/fileName/PlayerMovement.cs: 5c1499cfc43e291157e191fb54bb34f9 -> 42480eed24e61f9d7e7e895933644f96
  custom:scripting/monoscript/fileName/SettingsMenuView.cs: f1368c662861e2aa180ecdfb6f383f06 -> b21bd698e08f70c3ba5112c700ca21e4
  custom:audio-encoder-webm-vorbis: bf7c407c2cedff20999df2af8eb42d56 -> 
  custom:scripting/monoscript/fileName/CharacterHealth.cs: 635520b8af0c6a3afa0c82bf1fca8182 -> 961c28a590a5e66731cf0f9ea60ff381
  custom:scripting/monoscript/fileName/View.cs: 0638d28d6248c8f2cdad874142fe3386 -> 6a1fe1aae5d92ee65d14bfc28da5504b
